{"/app/src/App.js": {"path":"/app/src/App.js","statementMap":{"0":{"start":{"line":11,"column":16},"end":{"line":11,"column":29}},"1":{"start":{"line":12,"column":36},"end":{"line":12,"column":54}},"2":{"start":{"line":13,"column":42},"end":{"line":18,"column":4}},"3":{"start":{"line":19,"column":50},"end":{"line":19,"column":73}},"4":{"start":{"line":20,"column":32},"end":{"line":20,"column":46}},"5":{"start":{"line":21,"column":28},"end":{"line":21,"column":42}},"6":{"start":{"line":22,"column":32},"end":{"line":22,"column":47}},"7":{"start":{"line":25,"column":22},"end":{"line":64,"column":8}},"8":{"start":{"line":26,"column":4},"end":{"line":63,"column":5}},"9":{"start":{"line":27,"column":38},"end":{"line":30,"column":8}},"10":{"start":{"line":28,"column":39},"end":{"line":28,"column":77}},"11":{"start":{"line":29,"column":43},"end":{"line":29,"column":68}},"12":{"start":{"line":32,"column":6},"end":{"line":32,"column":55}},"13":{"start":{"line":33,"column":6},"end":{"line":33,"column":60}},"14":{"start":{"line":36,"column":28},"end":{"line":36,"column":37}},"15":{"start":{"line":37,"column":6},"end":{"line":44,"column":7}},"16":{"start":{"line":38,"column":8},"end":{"line":43,"column":9}},"17":{"start":{"line":39,"column":10},"end":{"line":39,"column":50}},"18":{"start":{"line":41,"column":10},"end":{"line":41,"column":61}},"19":{"start":{"line":42,"column":10},"end":{"line":42,"column":67}},"20":{"start":{"line":46,"column":6},"end":{"line":51,"column":9}},"21":{"start":{"line":52,"column":6},"end":{"line":52,"column":62}},"22":{"start":{"line":55,"column":6},"end":{"line":60,"column":7}},"23":{"start":{"line":56,"column":27},"end":{"line":56,"column":48}},"24":{"start":{"line":57,"column":8},"end":{"line":59,"column":9}},"25":{"start":{"line":58,"column":10},"end":{"line":58,"column":38}},"26":{"start":{"line":62,"column":6},"end":{"line":62,"column":52}},"27":{"start":{"line":66,"column":2},"end":{"line":68,"column":20}},"28":{"start":{"line":67,"column":4},"end":{"line":67,"column":18}},"29":{"start":{"line":70,"column":31},"end":{"line":84,"column":3}},"30":{"start":{"line":71,"column":4},"end":{"line":80,"column":7}},"31":{"start":{"line":72,"column":24},"end":{"line":75,"column":7}},"32":{"start":{"line":77,"column":6},"end":{"line":77,"column":82}},"33":{"start":{"line":78,"column":6},"end":{"line":78,"column":61}},"34":{"start":{"line":79,"column":6},"end":{"line":79,"column":23}},"35":{"start":{"line":81,"column":4},"end":{"line":81,"column":39}},"36":{"start":{"line":82,"column":4},"end":{"line":82,"column":21}},"37":{"start":{"line":83,"column":4},"end":{"line":83,"column":19}},"38":{"start":{"line":86,"column":27},"end":{"line":94,"column":3}},"39":{"start":{"line":87,"column":4},"end":{"line":91,"column":8}},"40":{"start":{"line":87,"column":29},"end":{"line":91,"column":5}},"41":{"start":{"line":92,"column":4},"end":{"line":92,"column":39}},"42":{"start":{"line":93,"column":4},"end":{"line":93,"column":21}},"43":{"start":{"line":96,"column":25},"end":{"line":106,"column":3}},"44":{"start":{"line":97,"column":4},"end":{"line":102,"column":7}},"45":{"start":{"line":103,"column":4},"end":{"line":103,"column":39}},"46":{"start":{"line":104,"column":4},"end":{"line":104,"column":21}},"47":{"start":{"line":105,"column":4},"end":{"line":105,"column":19}},"48":{"start":{"line":108,"column":35},"end":{"line":112,"column":3}},"49":{"start":{"line":109,"column":4},"end":{"line":109,"column":37}},"50":{"start":{"line":110,"column":4},"end":{"line":110,"column":27}},"51":{"start":{"line":111,"column":4},"end":{"line":111,"column":19}},"52":{"start":{"line":114,"column":32},"end":{"line":117,"column":3}},"53":{"start":{"line":115,"column":4},"end":{"line":115,"column":34}},"54":{"start":{"line":116,"column":4},"end":{"line":116,"column":18}},"55":{"start":{"line":119,"column":15},"end":{"line":123,"column":3}},"56":{"start":{"line":125,"column":2},"end":{"line":163,"column":4}}},"fnMap":{"0":{"name":"App","decl":{"start":{"line":10,"column":9},"end":{"line":10,"column":12}},"loc":{"start":{"line":10,"column":15},"end":{"line":164,"column":1}},"line":10},"1":{"name":"(anonymous_1)","decl":{"start":{"line":25,"column":34},"end":{"line":25,"column":35}},"loc":{"start":{"line":25,"column":46},"end":{"line":64,"column":3}},"line":25},"2":{"name":"(anonymous_2)","decl":{"start":{"line":28,"column":32},"end":{"line":28,"column":33}},"loc":{"start":{"line":28,"column":39},"end":{"line":28,"column":77}},"line":28},"3":{"name":"(anonymous_3)","decl":{"start":{"line":29,"column":36},"end":{"line":29,"column":37}},"loc":{"start":{"line":29,"column":43},"end":{"line":29,"column":68}},"line":29},"4":{"name":"(anonymous_4)","decl":{"start":{"line":66,"column":12},"end":{"line":66,"column":13}},"loc":{"start":{"line":66,"column":18},"end":{"line":68,"column":3}},"line":66},"5":{"name":"(anonymous_5)","decl":{"start":{"line":70,"column":31},"end":{"line":70,"column":32}},"loc":{"start":{"line":70,"column":55},"end":{"line":84,"column":3}},"line":70},"6":{"name":"(anonymous_6)","decl":{"start":{"line":71,"column":20},"end":{"line":71,"column":21}},"loc":{"start":{"line":71,"column":28},"end":{"line":80,"column":5}},"line":71},"7":{"name":"(anonymous_7)","decl":{"start":{"line":86,"column":27},"end":{"line":86,"column":28}},"loc":{"start":{"line":86,"column":41},"end":{"line":94,"column":3}},"line":86},"8":{"name":"(anonymous_8)","decl":{"start":{"line":87,"column":20},"end":{"line":87,"column":21}},"loc":{"start":{"line":87,"column":29},"end":{"line":91,"column":5}},"line":87},"9":{"name":"(anonymous_9)","decl":{"start":{"line":96,"column":25},"end":{"line":96,"column":26}},"loc":{"start":{"line":96,"column":31},"end":{"line":106,"column":3}},"line":96},"10":{"name":"(anonymous_10)","decl":{"start":{"line":108,"column":35},"end":{"line":108,"column":36}},"loc":{"start":{"line":108,"column":51},"end":{"line":112,"column":3}},"line":108},"11":{"name":"(anonymous_11)","decl":{"start":{"line":114,"column":32},"end":{"line":114,"column":33}},"loc":{"start":{"line":114,"column":41},"end":{"line":117,"column":3}},"line":114}},"branchMap":{"0":{"loc":{"start":{"line":37,"column":6},"end":{"line":44,"column":7}},"type":"if","locations":[{"start":{"line":37,"column":6},"end":{"line":44,"column":7}},{"start":{},"end":{}}],"line":37},"1":{"loc":{"start":{"line":47,"column":16},"end":{"line":47,"column":53}},"type":"binary-expr","locations":[{"start":{"line":47,"column":16},"end":{"line":47,"column":45}},{"start":{"line":47,"column":49},"end":{"line":47,"column":53}}],"line":47},"2":{"loc":{"start":{"line":48,"column":22},"end":{"line":48,"column":65}},"type":"binary-expr","locations":[{"start":{"line":48,"column":22},"end":{"line":48,"column":57}},{"start":{"line":48,"column":61},"end":{"line":48,"column":65}}],"line":48},"3":{"loc":{"start":{"line":49,"column":18},"end":{"line":49,"column":57}},"type":"binary-expr","locations":[{"start":{"line":49,"column":18},"end":{"line":49,"column":49}},{"start":{"line":49,"column":53},"end":{"line":49,"column":57}}],"line":49},"4":{"loc":{"start":{"line":50,"column":26},"end":{"line":50,"column":67}},"type":"binary-expr","locations":[{"start":{"line":50,"column":26},"end":{"line":50,"column":58}},{"start":{"line":50,"column":62},"end":{"line":50,"column":67}}],"line":50},"5":{"loc":{"start":{"line":52,"column":26},"end":{"line":52,"column":60}},"type":"binary-expr","locations":[{"start":{"line":52,"column":26},"end":{"line":52,"column":43}},{"start":{"line":52,"column":47},"end":{"line":52,"column":60}}],"line":52},"6":{"loc":{"start":{"line":55,"column":6},"end":{"line":60,"column":7}},"type":"if","locations":[{"start":{"line":55,"column":6},"end":{"line":60,"column":7}},{"start":{},"end":{}}],"line":55},"7":{"loc":{"start":{"line":57,"column":8},"end":{"line":59,"column":9}},"type":"if","locations":[{"start":{"line":57,"column":8},"end":{"line":59,"column":9}},{"start":{},"end":{}}],"line":57},"8":{"loc":{"start":{"line":77,"column":38},"end":{"line":77,"column":80}},"type":"binary-expr","locations":[{"start":{"line":77,"column":38},"end":{"line":77,"column":54}},{"start":{"line":77,"column":58},"end":{"line":77,"column":80}}],"line":77},"9":{"loc":{"start":{"line":90,"column":24},"end":{"line":90,"column":108}},"type":"cond-expr","locations":[{"start":{"line":90,"column":79},"end":{"line":90,"column":84}},{"start":{"line":90,"column":87},"end":{"line":90,"column":108}}],"line":90},"10":{"loc":{"start":{"line":90,"column":24},"end":{"line":90,"column":76}},"type":"binary-expr","locations":[{"start":{"line":90,"column":24},"end":{"line":90,"column":45}},{"start":{"line":90,"column":49},"end":{"line":90,"column":76}}],"line":90},"11":{"loc":{"start":{"line":137,"column":11},"end":{"line":151,"column":11}},"type":"binary-expr","locations":[{"start":{"line":137,"column":11},"end":{"line":137,"column":33}},{"start":{"line":138,"column":12},"end":{"line":150,"column":14}}],"line":137},"12":{"loc":{"start":{"line":153,"column":11},"end":{"line":155,"column":11}},"type":"binary-expr","locations":[{"start":{"line":153,"column":11},"end":{"line":153,"column":36}},{"start":{"line":153,"column":40},"end":{"line":153,"column":47}},{"start":{"line":154,"column":12},"end":{"line":154,"column":53}}],"line":153},"13":{"loc":{"start":{"line":157,"column":11},"end":{"line":159,"column":11}},"type":"binary-expr","locations":[{"start":{"line":157,"column":11},"end":{"line":157,"column":34}},{"start":{"line":157,"column":38},"end":{"line":157,"column":45}},{"start":{"line":158,"column":12},"end":{"line":158,"column":49}}],"line":157}},"s":{"0":0,"1":0,"2":0,"3":0,"4":0,"5":0,"6":0,"7":0,"8":0,"9":0,"10":0,"11":0,"12":0,"13":0,"14":0,"15":0,"16":0,"17":0,"18":0,"19":0,"20":0,"21":0,"22":0,"23":0,"24":0,"25":0,"26":0,"27":0,"28":0,"29":0,"30":0,"31":0,"32":0,"33":0,"34":0,"35":0,"36":0,"37":0,"38":0,"39":0,"40":0,"41":0,"42":0,"43":0,"44":0,"45":0,"46":0,"47":0,"48":0,"49":0,"50":0,"51":0,"52":0,"53":0,"54":0,"55":0,"56":0},"f":{"0":0,"1":0,"2":0,"3":0,"4":0,"5":0,"6":0,"7":0,"8":0,"9":0,"10":0,"11":0},"b":{"0":[0,0],"1":[0,0],"2":[0,0],"3":[0,0],"4":[0,0],"5":[0,0],"6":[0,0],"7":[0,0],"8":[0,0],"9":[0,0],"10":[0,0],"11":[0,0],"12":[0,0,0],"13":[0,0,0]}}
,"/app/src/index.js": {"path":"/app/src/index.js","statementMap":{"0":{"start":{"line":7,"column":13},"end":{"line":7,"column":65}},"1":{"start":{"line":8,"column":0},"end":{"line":14,"column":2}}},"fnMap":{},"branchMap":{},"s":{"0":0,"1":0},"f":{},"b":{}}
,"/app/src/components/ErrorDisplay.js": {"path":"/app/src/components/ErrorDisplay.js","statementMap":{"0":{"start":{"line":4,"column":2},"end":{"line":4,"column":50}},"1":{"start":{"line":4,"column":38},"end":{"line":4,"column":50}},"2":{"start":{"line":6,"column":2},"end":{"line":20,"column":4}},"3":{"start":{"line":14,"column":14},"end":{"line":14,"column":42}}},"fnMap":{"0":{"name":"ErrorDisplay","decl":{"start":{"line":3,"column":9},"end":{"line":3,"column":21}},"loc":{"start":{"line":3,"column":34},"end":{"line":21,"column":1}},"line":3},"1":{"name":"(anonymous_1)","decl":{"start":{"line":13,"column":24},"end":{"line":13,"column":25}},"loc":{"start":{"line":14,"column":14},"end":{"line":14,"column":42}},"line":14}},"branchMap":{"0":{"loc":{"start":{"line":4,"column":2},"end":{"line":4,"column":50}},"type":"if","locations":[{"start":{"line":4,"column":2},"end":{"line":4,"column":50}},{"start":{},"end":{}}],"line":4},"1":{"loc":{"start":{"line":4,"column":6},"end":{"line":4,"column":36}},"type":"binary-expr","locations":[{"start":{"line":4,"column":6},"end":{"line":4,"column":13}},{"start":{"line":4,"column":17},"end":{"line":4,"column":36}}],"line":4}},"s":{"0":0,"1":0,"2":0,"3":0},"f":{"0":0,"1":0},"b":{"0":[0,0],"1":[0,0]}}
,"/app/src/components/FileDropzone.js": {"path":"/app/src/components/FileDropzone.js","statementMap":{"0":{"start":{"line":12,"column":16},"end":{"line":12,"column":29}},"1":{"start":{"line":13,"column":46},"end":{"line":13,"column":57}},"2":{"start":{"line":14,"column":36},"end":{"line":14,"column":51}},"3":{"start":{"line":15,"column":28},"end":{"line":15,"column":42}},"4":{"start":{"line":17,"column":17},"end":{"line":40,"column":26}},"5":{"start":{"line":18,"column":4},"end":{"line":18,"column":43}},"6":{"start":{"line":18,"column":36},"end":{"line":18,"column":43}},"7":{"start":{"line":20,"column":17},"end":{"line":20,"column":33}},"8":{"start":{"line":21,"column":4},"end":{"line":21,"column":23}},"9":{"start":{"line":22,"column":4},"end":{"line":22,"column":19}},"10":{"start":{"line":23,"column":4},"end":{"line":23,"column":25}},"11":{"start":{"line":25,"column":4},"end":{"line":39,"column":5}},"12":{"start":{"line":26,"column":6},"end":{"line":28,"column":9}},"13":{"start":{"line":27,"column":8},"end":{"line":27,"column":36}},"14":{"start":{"line":31,"column":6},"end":{"line":31,"column":29}},"15":{"start":{"line":32,"column":6},"end":{"line":32,"column":61}},"16":{"start":{"line":32,"column":35},"end":{"line":32,"column":59}},"17":{"start":{"line":34,"column":6},"end":{"line":34,"column":42}},"18":{"start":{"line":35,"column":6},"end":{"line":35,"column":48}},"19":{"start":{"line":37,"column":6},"end":{"line":37,"column":26}},"20":{"start":{"line":38,"column":6},"end":{"line":38,"column":27}},"21":{"start":{"line":42,"column":56},"end":{"line":50,"column":4}},"22":{"start":{"line":52,"column":23},"end":{"line":56,"column":3}},"23":{"start":{"line":53,"column":4},"end":{"line":53,"column":24}},"24":{"start":{"line":54,"column":4},"end":{"line":54,"column":19}},"25":{"start":{"line":55,"column":4},"end":{"line":55,"column":23}},"26":{"start":{"line":58,"column":2},"end":{"line":132,"column":4}}},"fnMap":{"0":{"name":"FileDropzone","decl":{"start":{"line":11,"column":9},"end":{"line":11,"column":21}},"loc":{"start":{"line":11,"column":96},"end":{"line":133,"column":1}},"line":11},"1":{"name":"(anonymous_1)","decl":{"start":{"line":17,"column":29},"end":{"line":17,"column":30}},"loc":{"start":{"line":17,"column":54},"end":{"line":40,"column":3}},"line":17},"2":{"name":"(anonymous_2)","decl":{"start":{"line":26,"column":37},"end":{"line":26,"column":38}},"loc":{"start":{"line":26,"column":51},"end":{"line":28,"column":7}},"line":26},"3":{"name":"(anonymous_3)","decl":{"start":{"line":32,"column":24},"end":{"line":32,"column":25}},"loc":{"start":{"line":32,"column":35},"end":{"line":32,"column":59}},"line":32},"4":{"name":"(anonymous_4)","decl":{"start":{"line":52,"column":23},"end":{"line":52,"column":24}},"loc":{"start":{"line":52,"column":30},"end":{"line":56,"column":3}},"line":52}},"branchMap":{"0":{"loc":{"start":{"line":18,"column":4},"end":{"line":18,"column":43}},"type":"if","locations":[{"start":{"line":18,"column":4},"end":{"line":18,"column":43}},{"start":{},"end":{}}],"line":18},"1":{"loc":{"start":{"line":35,"column":15},"end":{"line":35,"column":46}},"type":"binary-expr","locations":[{"start":{"line":35,"column":15},"end":{"line":35,"column":27}},{"start":{"line":35,"column":31},"end":{"line":35,"column":46}}],"line":35},"2":{"loc":{"start":{"line":49,"column":14},"end":{"line":49,"column":35}},"type":"binary-expr","locations":[{"start":{"line":49,"column":14},"end":{"line":49,"column":22}},{"start":{"line":49,"column":26},"end":{"line":49,"column":35}}],"line":49},"3":{"loc":{"start":{"line":63,"column":11},"end":{"line":63,"column":67}},"type":"binary-expr","locations":[{"start":{"line":63,"column":11},"end":{"line":63,"column":19}},{"start":{"line":63,"column":23},"end":{"line":63,"column":67}}],"line":63},"4":{"loc":{"start":{"line":65,"column":9},"end":{"line":73,"column":9}},"type":"binary-expr","locations":[{"start":{"line":65,"column":9},"end":{"line":65,"column":20}},{"start":{"line":66,"column":10},"end":{"line":72,"column":19}}],"line":65},"5":{"loc":{"start":{"line":76,"column":7},"end":{"line":124,"column":7}},"type":"cond-expr","locations":[{"start":{"line":77,"column":8},"end":{"line":89,"column":14}},{"start":{"line":91,"column":8},"end":{"line":123,"column":14}}],"line":76},"6":{"loc":{"start":{"line":85,"column":55},"end":{"line":85,"column":87}},"type":"binary-expr","locations":[{"start":{"line":85,"column":55},"end":{"line":85,"column":82}},{"start":{"line":85,"column":86},"end":{"line":85,"column":87}}],"line":85},"7":{"loc":{"start":{"line":95,"column":14},"end":{"line":97,"column":75}},"type":"cond-expr","locations":[{"start":{"line":96,"column":16},"end":{"line":96,"column":50}},{"start":{"line":97,"column":16},"end":{"line":97,"column":75}}],"line":95},"8":{"loc":{"start":{"line":99,"column":14},"end":{"line":99,"column":61}},"type":"cond-expr","locations":[{"start":{"line":99,"column":25},"end":{"line":99,"column":56}},{"start":{"line":99,"column":59},"end":{"line":99,"column":61}}],"line":99},"9":{"loc":{"start":{"line":104,"column":11},"end":{"line":122,"column":11}},"type":"cond-expr","locations":[{"start":{"line":105,"column":12},"end":{"line":113,"column":18}},{"start":{"line":115,"column":12},"end":{"line":121,"column":15}}],"line":104},"10":{"loc":{"start":{"line":118,"column":17},"end":{"line":118,"column":68}},"type":"cond-expr","locations":[{"start":{"line":118,"column":32},"end":{"line":118,"column":52}},{"start":{"line":118,"column":55},"end":{"line":118,"column":68}}],"line":118},"11":{"loc":{"start":{"line":126,"column":7},"end":{"line":130,"column":7}},"type":"binary-expr","locations":[{"start":{"line":126,"column":7},"end":{"line":126,"column":12}},{"start":{"line":127,"column":8},"end":{"line":129,"column":14}}],"line":126}},"s":{"0":0,"1":0,"2":0,"3":0,"4":0,"5":0,"6":0,"7":0,"8":0,"9":0,"10":0,"11":0,"12":0,"13":0,"14":0,"15":0,"16":0,"17":0,"18":0,"19":0,"20":0,"21":0,"22":0,"23":0,"24":0,"25":0,"26":0},"f":{"0":0,"1":0,"2":0,"3":0,"4":0},"b":{"0":[0,0],"1":[0,0],"2":[0,0],"3":[0,0],"4":[0,0],"5":[0,0],"6":[0,0],"7":[0,0],"8":[0,0],"9":[0,0],"10":[0,0],"11":[0,0]}}
,"/app/src/components/Header.js": {"path":"/app/src/components/Header.js","statementMap":{"0":{"start":{"line":6,"column":42},"end":{"line":6,"column":55}},"1":{"start":{"line":8,"column":2},"end":{"line":39,"column":4}}},"fnMap":{"0":{"name":"Header","decl":{"start":{"line":5,"column":9},"end":{"line":5,"column":15}},"loc":{"start":{"line":5,"column":18},"end":{"line":40,"column":1}},"line":5}},"branchMap":{"0":{"loc":{"start":{"line":20,"column":15},"end":{"line":20,"column":97}},"type":"binary-expr","locations":[{"start":{"line":20,"column":15},"end":{"line":20,"column":31}},{"start":{"line":20,"column":35},"end":{"line":20,"column":97}}],"line":20},"1":{"loc":{"start":{"line":29,"column":41},"end":{"line":29,"column":76}},"type":"cond-expr","locations":[{"start":{"line":29,"column":61},"end":{"line":29,"column":67}},{"start":{"line":29,"column":70},"end":{"line":29,"column":76}}],"line":29},"2":{"loc":{"start":{"line":30,"column":21},"end":{"line":30,"column":52}},"type":"cond-expr","locations":[{"start":{"line":30,"column":41},"end":{"line":30,"column":45}},{"start":{"line":30,"column":48},"end":{"line":30,"column":52}}],"line":30}},"s":{"0":0,"1":0},"f":{"0":0},"b":{"0":[0,0],"1":[0,0],"2":[0,0]}}
,"/app/src/components/OccupancyTab.js": {"path":"/app/src/components/OccupancyTab.js","statementMap":{"0":{"start":{"line":9,"column":16},"end":{"line":9,"column":29}},"1":{"start":{"line":10,"column":50},"end":{"line":10,"column":64}},"2":{"start":{"line":11,"column":23},"end":{"line":11,"column":48}},"3":{"start":{"line":12,"column":23},"end":{"line":12,"column":46}},"4":{"start":{"line":13,"column":21},"end":{"line":13,"column":46}},"5":{"start":{"line":16,"column":25},"end":{"line":25,"column":30}},"6":{"start":{"line":17,"column":21},"end":{"line":17,"column":45}},"7":{"start":{"line":18,"column":21},"end":{"line":18,"column":70}},"8":{"start":{"line":18,"column":42},"end":{"line":18,"column":69}},"9":{"start":{"line":19,"column":4},"end":{"line":24,"column":6}},"10":{"start":{"line":25,"column":17},"end":{"line":25,"column":29}},"11":{"start":{"line":28,"column":29},"end":{"line":56,"column":3}},"12":{"start":{"line":29,"column":4},"end":{"line":32,"column":5}},"13":{"start":{"line":30,"column":23},"end":{"line":30,"column":59}},"14":{"start":{"line":31,"column":6},"end":{"line":31,"column":110}},"15":{"start":{"line":31,"column":36},"end":{"line":31,"column":108}},"16":{"start":{"line":35,"column":27},"end":{"line":35,"column":29}},"17":{"start":{"line":36,"column":4},"end":{"line":48,"column":7}},"18":{"start":{"line":37,"column":23},"end":{"line":37,"column":47}},"19":{"start":{"line":38,"column":6},"end":{"line":47,"column":9}},"20":{"start":{"line":39,"column":8},"end":{"line":46,"column":9}},"21":{"start":{"line":40,"column":10},"end":{"line":42,"column":11}},"22":{"start":{"line":41,"column":12},"end":{"line":41,"column":102}},"23":{"start":{"line":43,"column":10},"end":{"line":43,"column":80}},"24":{"start":{"line":44,"column":10},"end":{"line":44,"column":82}},"25":{"start":{"line":45,"column":10},"end":{"line":45,"column":82}},"26":{"start":{"line":50,"column":4},"end":{"line":55,"column":56}},"27":{"start":{"line":50,"column":73},"end":{"line":55,"column":5}},"28":{"start":{"line":55,"column":23},"end":{"line":55,"column":54}},"29":{"start":{"line":58,"column":26},"end":{"line":58,"column":46}},"30":{"start":{"line":60,"column":2},"end":{"line":159,"column":4}}},"fnMap":{"0":{"name":"OccupancyTab","decl":{"start":{"line":8,"column":9},"end":{"line":8,"column":21}},"loc":{"start":{"line":8,"column":32},"end":{"line":160,"column":1}},"line":8},"1":{"name":"(anonymous_1)","decl":{"start":{"line":16,"column":40},"end":{"line":16,"column":41}},"loc":{"start":{"line":16,"column":48},"end":{"line":25,"column":3}},"line":16},"2":{"name":"(anonymous_2)","decl":{"start":{"line":18,"column":35},"end":{"line":18,"column":36}},"loc":{"start":{"line":18,"column":42},"end":{"line":18,"column":69}},"line":18},"3":{"name":"(anonymous_3)","decl":{"start":{"line":25,"column":12},"end":{"line":25,"column":13}},"loc":{"start":{"line":25,"column":17},"end":{"line":25,"column":29}},"line":25},"4":{"name":"(anonymous_4)","decl":{"start":{"line":28,"column":29},"end":{"line":28,"column":30}},"loc":{"start":{"line":28,"column":35},"end":{"line":56,"column":3}},"line":28},"5":{"name":"(anonymous_5)","decl":{"start":{"line":31,"column":29},"end":{"line":31,"column":30}},"loc":{"start":{"line":31,"column":36},"end":{"line":31,"column":108}},"line":31},"6":{"name":"(anonymous_6)","decl":{"start":{"line":36,"column":23},"end":{"line":36,"column":24}},"loc":{"start":{"line":36,"column":31},"end":{"line":48,"column":5}},"line":36},"7":{"name":"(anonymous_7)","decl":{"start":{"line":38,"column":23},"end":{"line":38,"column":24}},"loc":{"start":{"line":38,"column":30},"end":{"line":47,"column":7}},"line":38},"8":{"name":"(anonymous_8)","decl":{"start":{"line":50,"column":46},"end":{"line":50,"column":47}},"loc":{"start":{"line":50,"column":73},"end":{"line":55,"column":5}},"line":50},"9":{"name":"(anonymous_9)","decl":{"start":{"line":55,"column":13},"end":{"line":55,"column":14}},"loc":{"start":{"line":55,"column":23},"end":{"line":55,"column":54}},"line":55}},"branchMap":{"0":{"loc":{"start":{"line":11,"column":23},"end":{"line":11,"column":48}},"type":"binary-expr","locations":[{"start":{"line":11,"column":23},"end":{"line":11,"column":42}},{"start":{"line":11,"column":46},"end":{"line":11,"column":48}}],"line":11},"1":{"loc":{"start":{"line":12,"column":23},"end":{"line":12,"column":46}},"type":"binary-expr","locations":[{"start":{"line":12,"column":23},"end":{"line":12,"column":40}},{"start":{"line":12,"column":44},"end":{"line":12,"column":46}}],"line":12},"2":{"loc":{"start":{"line":17,"column":21},"end":{"line":17,"column":45}},"type":"binary-expr","locations":[{"start":{"line":17,"column":21},"end":{"line":17,"column":39}},{"start":{"line":17,"column":43},"end":{"line":17,"column":45}}],"line":17},"3":{"loc":{"start":{"line":21,"column":14},"end":{"line":21,"column":41}},"type":"binary-expr","locations":[{"start":{"line":21,"column":14},"end":{"line":21,"column":36}},{"start":{"line":21,"column":40},"end":{"line":21,"column":41}}],"line":21},"4":{"loc":{"start":{"line":22,"column":14},"end":{"line":22,"column":42}},"type":"binary-expr","locations":[{"start":{"line":22,"column":14},"end":{"line":22,"column":37}},{"start":{"line":22,"column":41},"end":{"line":22,"column":42}}],"line":22},"5":{"loc":{"start":{"line":23,"column":20},"end":{"line":23,"column":48}},"type":"binary-expr","locations":[{"start":{"line":23,"column":20},"end":{"line":23,"column":43}},{"start":{"line":23,"column":47},"end":{"line":23,"column":48}}],"line":23},"6":{"loc":{"start":{"line":29,"column":4},"end":{"line":32,"column":5}},"type":"if","locations":[{"start":{"line":29,"column":4},"end":{"line":32,"column":5}},{"start":{},"end":{}}],"line":29},"7":{"loc":{"start":{"line":30,"column":23},"end":{"line":30,"column":59}},"type":"binary-expr","locations":[{"start":{"line":30,"column":23},"end":{"line":30,"column":53}},{"start":{"line":30,"column":57},"end":{"line":30,"column":59}}],"line":30},"8":{"loc":{"start":{"line":31,"column":36},"end":{"line":31,"column":108}},"type":"binary-expr","locations":[{"start":{"line":31,"column":36},"end":{"line":31,"column":51}},{"start":{"line":31,"column":55},"end":{"line":31,"column":82}},{"start":{"line":31,"column":86},"end":{"line":31,"column":108}}],"line":31},"9":{"loc":{"start":{"line":37,"column":23},"end":{"line":37,"column":47}},"type":"binary-expr","locations":[{"start":{"line":37,"column":23},"end":{"line":37,"column":41}},{"start":{"line":37,"column":45},"end":{"line":37,"column":47}}],"line":37},"10":{"loc":{"start":{"line":39,"column":8},"end":{"line":46,"column":9}},"type":"if","locations":[{"start":{"line":39,"column":8},"end":{"line":46,"column":9}},{"start":{},"end":{}}],"line":39},"11":{"loc":{"start":{"line":39,"column":12},"end":{"line":39,"column":84}},"type":"binary-expr","locations":[{"start":{"line":39,"column":12},"end":{"line":39,"column":27}},{"start":{"line":39,"column":31},"end":{"line":39,"column":58}},{"start":{"line":39,"column":62},"end":{"line":39,"column":84}}],"line":39},"12":{"loc":{"start":{"line":40,"column":10},"end":{"line":42,"column":11}},"type":"if","locations":[{"start":{"line":40,"column":10},"end":{"line":42,"column":11}},{"start":{},"end":{}}],"line":40},"13":{"loc":{"start":{"line":43,"column":58},"end":{"line":43,"column":79}},"type":"binary-expr","locations":[{"start":{"line":43,"column":58},"end":{"line":43,"column":74}},{"start":{"line":43,"column":78},"end":{"line":43,"column":79}}],"line":43},"14":{"loc":{"start":{"line":44,"column":59},"end":{"line":44,"column":81}},"type":"binary-expr","locations":[{"start":{"line":44,"column":59},"end":{"line":44,"column":76}},{"start":{"line":44,"column":80},"end":{"line":44,"column":81}}],"line":44},"15":{"loc":{"start":{"line":45,"column":59},"end":{"line":45,"column":81}},"type":"binary-expr","locations":[{"start":{"line":45,"column":59},"end":{"line":45,"column":76}},{"start":{"line":45,"column":80},"end":{"line":45,"column":81}}],"line":45},"16":{"loc":{"start":{"line":68,"column":63},"end":{"line":68,"column":93}},"type":"binary-expr","locations":[{"start":{"line":68,"column":63},"end":{"line":68,"column":88}},{"start":{"line":68,"column":92},"end":{"line":68,"column":93}}],"line":68},"17":{"loc":{"start":{"line":77,"column":63},"end":{"line":77,"column":93}},"type":"binary-expr","locations":[{"start":{"line":77,"column":63},"end":{"line":77,"column":88}},{"start":{"line":77,"column":92},"end":{"line":77,"column":93}}],"line":77},"18":{"loc":{"start":{"line":86,"column":63},"end":{"line":86,"column":99}},"type":"binary-expr","locations":[{"start":{"line":86,"column":63},"end":{"line":86,"column":94}},{"start":{"line":86,"column":98},"end":{"line":86,"column":99}}],"line":86},"19":{"loc":{"start":{"line":119,"column":13},"end":{"line":119,"column":117}},"type":"binary-expr","locations":[{"start":{"line":119,"column":13},"end":{"line":119,"column":29}},{"start":{"line":119,"column":33},"end":{"line":119,"column":117}}],"line":119},"20":{"loc":{"start":{"line":146,"column":11},"end":{"line":146,"column":115}},"type":"binary-expr","locations":[{"start":{"line":146,"column":11},"end":{"line":146,"column":27}},{"start":{"line":146,"column":31},"end":{"line":146,"column":115}}],"line":146}},"s":{"0":0,"1":0,"2":0,"3":0,"4":0,"5":0,"6":0,"7":0,"8":0,"9":0,"10":0,"11":0,"12":0,"13":0,"14":0,"15":0,"16":0,"17":0,"18":0,"19":0,"20":0,"21":0,"22":0,"23":0,"24":0,"25":0,"26":0,"27":0,"28":0,"29":0,"30":0},"f":{"0":0,"1":0,"2":0,"3":0,"4":0,"5":0,"6":0,"7":0,"8":0,"9":0},"b":{"0":[0,0],"1":[0,0],"2":[0,0],"3":[0,0],"4":[0,0],"5":[0,0],"6":[0,0],"7":[0,0],"8":[0,0,0],"9":[0,0],"10":[0,0],"11":[0,0,0],"12":[0,0],"13":[0,0],"14":[0,0],"15":[0,0],"16":[0,0],"17":[0,0],"18":[0,0],"19":[0,0],"20":[0,0]}}
,"/app/src/components/ProcessingSection.js": {"path":"/app/src/components/ProcessingSection.js","statementMap":{"0":{"start":{"line":5,"column":16},"end":{"line":5,"column":29}},"1":{"start":{"line":7,"column":2},"end":{"line":64,"column":4}}},"fnMap":{"0":{"name":"ProcessingSection","decl":{"start":{"line":4,"column":9},"end":{"line":4,"column":26}},"loc":{"start":{"line":4,"column":81},"end":{"line":65,"column":1}},"line":4}},"branchMap":{"0":{"loc":{"start":{"line":15,"column":11},"end":{"line":19,"column":11}},"type":"binary-expr","locations":[{"start":{"line":15,"column":11},"end":{"line":15,"column":22}},{"start":{"line":16,"column":12},"end":{"line":18,"column":16}}],"line":15},"1":{"loc":{"start":{"line":20,"column":11},"end":{"line":24,"column":11}},"type":"binary-expr","locations":[{"start":{"line":20,"column":11},"end":{"line":20,"column":21}},{"start":{"line":20,"column":25},"end":{"line":20,"column":59}},{"start":{"line":21,"column":12},"end":{"line":23,"column":16}}],"line":20},"2":{"loc":{"start":{"line":25,"column":11},"end":{"line":30,"column":11}},"type":"binary-expr","locations":[{"start":{"line":25,"column":11},"end":{"line":25,"column":43}},{"start":{"line":26,"column":12},"end":{"line":29,"column":18}}],"line":25},"3":{"loc":{"start":{"line":31,"column":11},"end":{"line":36,"column":11}},"type":"binary-expr","locations":[{"start":{"line":31,"column":11},"end":{"line":31,"column":40}},{"start":{"line":32,"column":12},"end":{"line":35,"column":18}}],"line":31},"4":{"loc":{"start":{"line":41,"column":20},"end":{"line":41,"column":42}},"type":"binary-expr","locations":[{"start":{"line":41,"column":20},"end":{"line":41,"column":31}},{"start":{"line":41,"column":35},"end":{"line":41,"column":42}}],"line":41},"5":{"loc":{"start":{"line":44,"column":14},"end":{"line":46,"column":62}},"type":"cond-expr","locations":[{"start":{"line":45,"column":16},"end":{"line":45,"column":90}},{"start":{"line":46,"column":16},"end":{"line":46,"column":62}}],"line":44},"6":{"loc":{"start":{"line":44,"column":14},"end":{"line":44,"column":36}},"type":"binary-expr","locations":[{"start":{"line":44,"column":14},"end":{"line":44,"column":24}},{"start":{"line":44,"column":28},"end":{"line":44,"column":36}}],"line":44},"7":{"loc":{"start":{"line":50,"column":11},"end":{"line":60,"column":11}},"type":"cond-expr","locations":[{"start":{"line":51,"column":12},"end":{"line":57,"column":18}},{"start":{"line":59,"column":12},"end":{"line":59,"column":33}}],"line":50}},"s":{"0":0,"1":0},"f":{"0":0},"b":{"0":[0,0],"1":[0,0,0],"2":[0,0],"3":[0,0],"4":[0,0],"5":[0,0],"6":[0,0],"7":[0,0]}}
,"/app/src/components/ResultsSummary.js": {"path":"/app/src/components/ResultsSummary.js","statementMap":{"0":{"start":{"line":6,"column":16},"end":{"line":6,"column":29}},"1":{"start":{"line":7,"column":20},"end":{"line":7,"column":56}},"2":{"start":{"line":8,"column":18},"end":{"line":8,"column":59}},"3":{"start":{"line":10,"column":2},"end":{"line":96,"column":4}}},"fnMap":{"0":{"name":"ResultsSummary","decl":{"start":{"line":5,"column":9},"end":{"line":5,"column":23}},"loc":{"start":{"line":5,"column":34},"end":{"line":97,"column":1}},"line":5}},"branchMap":{"0":{"loc":{"start":{"line":7,"column":20},"end":{"line":7,"column":56}},"type":"binary-expr","locations":[{"start":{"line":7,"column":20},"end":{"line":7,"column":50}},{"start":{"line":7,"column":54},"end":{"line":7,"column":56}}],"line":7},"1":{"loc":{"start":{"line":8,"column":18},"end":{"line":8,"column":59}},"type":"binary-expr","locations":[{"start":{"line":8,"column":18},"end":{"line":8,"column":53}},{"start":{"line":8,"column":57},"end":{"line":8,"column":59}}],"line":8},"2":{"loc":{"start":{"line":44,"column":63},"end":{"line":44,"column":90}},"type":"binary-expr","locations":[{"start":{"line":44,"column":63},"end":{"line":44,"column":85}},{"start":{"line":44,"column":89},"end":{"line":44,"column":90}}],"line":44},"3":{"loc":{"start":{"line":48,"column":63},"end":{"line":48,"column":90}},"type":"binary-expr","locations":[{"start":{"line":48,"column":63},"end":{"line":48,"column":85}},{"start":{"line":48,"column":89},"end":{"line":48,"column":90}}],"line":48},"4":{"loc":{"start":{"line":52,"column":63},"end":{"line":52,"column":96}},"type":"binary-expr","locations":[{"start":{"line":52,"column":63},"end":{"line":52,"column":91}},{"start":{"line":52,"column":95},"end":{"line":52,"column":96}}],"line":52},"5":{"loc":{"start":{"line":64,"column":19},"end":{"line":64,"column":49}},"type":"binary-expr","locations":[{"start":{"line":64,"column":19},"end":{"line":64,"column":44}},{"start":{"line":64,"column":48},"end":{"line":64,"column":49}}],"line":64},"6":{"loc":{"start":{"line":70,"column":19},"end":{"line":70,"column":47}},"type":"binary-expr","locations":[{"start":{"line":70,"column":19},"end":{"line":70,"column":42}},{"start":{"line":70,"column":46},"end":{"line":70,"column":47}}],"line":70},"7":{"loc":{"start":{"line":78,"column":19},"end":{"line":78,"column":49}},"type":"binary-expr","locations":[{"start":{"line":78,"column":19},"end":{"line":78,"column":44}},{"start":{"line":78,"column":48},"end":{"line":78,"column":49}}],"line":78},"8":{"loc":{"start":{"line":84,"column":19},"end":{"line":84,"column":41}},"type":"binary-expr","locations":[{"start":{"line":84,"column":19},"end":{"line":84,"column":36}},{"start":{"line":84,"column":40},"end":{"line":84,"column":41}}],"line":84}},"s":{"0":0,"1":0,"2":0,"3":0},"f":{"0":0},"b":{"0":[0,0],"1":[0,0],"2":[0,0],"3":[0,0],"4":[0,0],"5":[0,0],"6":[0,0],"7":[0,0],"8":[0,0]}}
,"/app/src/components/RevenueTab.js": {"path":"/app/src/components/RevenueTab.js","statementMap":{"0":{"start":{"line":10,"column":16},"end":{"line":10,"column":29}},"1":{"start":{"line":11,"column":42},"end":{"line":11,"column":57}},"2":{"start":{"line":13,"column":30},"end":{"line":13,"column":62}},"3":{"start":{"line":14,"column":33},"end":{"line":14,"column":69}},"4":{"start":{"line":15,"column":26},"end":{"line":15,"column":48}},"5":{"start":{"line":16,"column":29},"end":{"line":16,"column":61}},"6":{"start":{"line":17,"column":31},"end":{"line":17,"column":64}},"7":{"start":{"line":19,"column":25},"end":{"line":19,"column":49}},"8":{"start":{"line":22,"column":28},"end":{"line":29,"column":5}},"9":{"start":{"line":22,"column":61},"end":{"line":29,"column":3}},"10":{"start":{"line":32,"column":23},"end":{"line":40,"column":8}},"11":{"start":{"line":33,"column":17},"end":{"line":33,"column":108}},"12":{"start":{"line":34,"column":4},"end":{"line":36,"column":5}},"13":{"start":{"line":35,"column":6},"end":{"line":35,"column":41}},"14":{"start":{"line":37,"column":4},"end":{"line":37,"column":44}},"15":{"start":{"line":38,"column":4},"end":{"line":38,"column":25}},"16":{"start":{"line":39,"column":4},"end":{"line":39,"column":15}},"17":{"start":{"line":42,"column":23},"end":{"line":46,"column":5}},"18":{"start":{"line":42,"column":77},"end":{"line":46,"column":3}},"19":{"start":{"line":48,"column":2},"end":{"line":239,"column":4}},"20":{"start":{"line":106,"column":27},"end":{"line":106,"column":57}},"21":{"start":{"line":160,"column":32},"end":{"line":160,"column":56}}},"fnMap":{"0":{"name":"RevenueTab","decl":{"start":{"line":9,"column":9},"end":{"line":9,"column":19}},"loc":{"start":{"line":9,"column":30},"end":{"line":240,"column":1}},"line":9},"1":{"name":"(anonymous_1)","decl":{"start":{"line":22,"column":55},"end":{"line":22,"column":56}},"loc":{"start":{"line":22,"column":61},"end":{"line":29,"column":3}},"line":22},"2":{"name":"(anonymous_2)","decl":{"start":{"line":32,"column":51},"end":{"line":32,"column":52}},"loc":{"start":{"line":32,"column":66},"end":{"line":40,"column":3}},"line":32},"3":{"name":"(anonymous_3)","decl":{"start":{"line":42,"column":56},"end":{"line":42,"column":57}},"loc":{"start":{"line":42,"column":77},"end":{"line":46,"column":3}},"line":42},"4":{"name":"(anonymous_4)","decl":{"start":{"line":106,"column":21},"end":{"line":106,"column":22}},"loc":{"start":{"line":106,"column":27},"end":{"line":106,"column":57}},"line":106},"5":{"name":"(anonymous_5)","decl":{"start":{"line":160,"column":25},"end":{"line":160,"column":26}},"loc":{"start":{"line":160,"column":32},"end":{"line":160,"column":56}},"line":160}},"branchMap":{"0":{"loc":{"start":{"line":13,"column":30},"end":{"line":13,"column":62}},"type":"binary-expr","locations":[{"start":{"line":13,"column":30},"end":{"line":13,"column":56}},{"start":{"line":13,"column":60},"end":{"line":13,"column":62}}],"line":13},"1":{"loc":{"start":{"line":14,"column":33},"end":{"line":14,"column":69}},"type":"binary-expr","locations":[{"start":{"line":14,"column":33},"end":{"line":14,"column":63}},{"start":{"line":14,"column":67},"end":{"line":14,"column":69}}],"line":14},"2":{"loc":{"start":{"line":16,"column":29},"end":{"line":16,"column":61}},"type":"binary-expr","locations":[{"start":{"line":16,"column":29},"end":{"line":16,"column":55}},{"start":{"line":16,"column":59},"end":{"line":16,"column":61}}],"line":16},"3":{"loc":{"start":{"line":17,"column":31},"end":{"line":17,"column":64}},"type":"binary-expr","locations":[{"start":{"line":17,"column":31},"end":{"line":17,"column":58}},{"start":{"line":17,"column":62},"end":{"line":17,"column":64}}],"line":17},"4":{"loc":{"start":{"line":33,"column":17},"end":{"line":33,"column":108}},"type":"cond-expr","locations":[{"start":{"line":33,"column":42},"end":{"line":33,"column":55}},{"start":{"line":33,"column":58},"end":{"line":33,"column":108}}],"line":33},"5":{"loc":{"start":{"line":33,"column":58},"end":{"line":33,"column":108}},"type":"cond-expr","locations":[{"start":{"line":33,"column":83},"end":{"line":33,"column":98}},{"start":{"line":33,"column":101},"end":{"line":33,"column":108}}],"line":33},"6":{"loc":{"start":{"line":34,"column":4},"end":{"line":36,"column":5}},"type":"if","locations":[{"start":{"line":34,"column":4},"end":{"line":36,"column":5}},{"start":{},"end":{}}],"line":34},"7":{"loc":{"start":{"line":37,"column":23},"end":{"line":37,"column":43}},"type":"binary-expr","locations":[{"start":{"line":37,"column":23},"end":{"line":37,"column":38}},{"start":{"line":37,"column":42},"end":{"line":37,"column":43}}],"line":37},"8":{"loc":{"start":{"line":57,"column":19},"end":{"line":57,"column":61}},"type":"binary-expr","locations":[{"start":{"line":57,"column":19},"end":{"line":57,"column":56}},{"start":{"line":57,"column":60},"end":{"line":57,"column":61}}],"line":57},"9":{"loc":{"start":{"line":68,"column":19},"end":{"line":68,"column":61}},"type":"binary-expr","locations":[{"start":{"line":68,"column":19},"end":{"line":68,"column":56}},{"start":{"line":68,"column":60},"end":{"line":68,"column":61}}],"line":68},"10":{"loc":{"start":{"line":79,"column":19},"end":{"line":79,"column":53}},"type":"binary-expr","locations":[{"start":{"line":79,"column":19},"end":{"line":79,"column":48}},{"start":{"line":79,"column":52},"end":{"line":79,"column":53}}],"line":79},"11":{"loc":{"start":{"line":90,"column":19},"end":{"line":90,"column":59}},"type":"binary-expr","locations":[{"start":{"line":90,"column":19},"end":{"line":90,"column":54}},{"start":{"line":90,"column":58},"end":{"line":90,"column":59}}],"line":90},"12":{"loc":{"start":{"line":99,"column":7},"end":{"line":116,"column":7}},"type":"binary-expr","locations":[{"start":{"line":99,"column":7},"end":{"line":99,"column":21}},{"start":{"line":100,"column":8},"end":{"line":115,"column":14}}],"line":99},"13":{"loc":{"start":{"line":108,"column":14},"end":{"line":110,"column":65}},"type":"cond-expr","locations":[{"start":{"line":109,"column":18},"end":{"line":109,"column":42}},{"start":{"line":110,"column":18},"end":{"line":110,"column":65}}],"line":108},"14":{"loc":{"start":{"line":113,"column":13},"end":{"line":113,"column":78}},"type":"cond-expr","locations":[{"start":{"line":113,"column":28},"end":{"line":113,"column":50}},{"start":{"line":113,"column":53},"end":{"line":113,"column":78}}],"line":113},"15":{"loc":{"start":{"line":119,"column":7},"end":{"line":147,"column":7}},"type":"binary-expr","locations":[{"start":{"line":119,"column":7},"end":{"line":119,"column":19}},{"start":{"line":119,"column":23},"end":{"line":119,"column":38}},{"start":{"line":120,"column":8},"end":{"line":146,"column":14}}],"line":119},"16":{"loc":{"start":{"line":125,"column":19},"end":{"line":125,"column":57}},"type":"binary-expr","locations":[{"start":{"line":125,"column":19},"end":{"line":125,"column":52}},{"start":{"line":125,"column":56},"end":{"line":125,"column":57}}],"line":125},"17":{"loc":{"start":{"line":131,"column":19},"end":{"line":131,"column":49}},"type":"binary-expr","locations":[{"start":{"line":131,"column":19},"end":{"line":131,"column":44}},{"start":{"line":131,"column":48},"end":{"line":131,"column":49}}],"line":131},"18":{"loc":{"start":{"line":137,"column":19},"end":{"line":137,"column":55}},"type":"binary-expr","locations":[{"start":{"line":137,"column":19},"end":{"line":137,"column":50}},{"start":{"line":137,"column":54},"end":{"line":137,"column":55}}],"line":137},"19":{"loc":{"start":{"line":142,"column":64},"end":{"line":142,"column":99}},"type":"binary-expr","locations":[{"start":{"line":142,"column":64},"end":{"line":142,"column":94}},{"start":{"line":142,"column":98},"end":{"line":142,"column":99}}],"line":142},"20":{"loc":{"start":{"line":169,"column":47},"end":{"line":169,"column":87}},"type":"binary-expr","locations":[{"start":{"line":169,"column":47},"end":{"line":169,"column":82}},{"start":{"line":169,"column":86},"end":{"line":169,"column":87}}],"line":169},"21":{"loc":{"start":{"line":170,"column":53},"end":{"line":170,"column":95}},"type":"binary-expr","locations":[{"start":{"line":170,"column":53},"end":{"line":170,"column":90}},{"start":{"line":170,"column":94},"end":{"line":170,"column":95}}],"line":170},"22":{"loc":{"start":{"line":171,"column":45},"end":{"line":171,"column":79}},"type":"binary-expr","locations":[{"start":{"line":171,"column":45},"end":{"line":171,"column":74}},{"start":{"line":171,"column":78},"end":{"line":171,"column":79}}],"line":171}},"s":{"0":0,"1":0,"2":0,"3":0,"4":0,"5":0,"6":0,"7":0,"8":0,"9":0,"10":0,"11":0,"12":0,"13":0,"14":0,"15":0,"16":0,"17":0,"18":0,"19":0,"20":0,"21":0},"f":{"0":0,"1":0,"2":0,"3":0,"4":0,"5":0},"b":{"0":[0,0],"1":[0,0],"2":[0,0],"3":[0,0],"4":[0,0],"5":[0,0],"6":[0,0],"7":[0,0],"8":[0,0],"9":[0,0],"10":[0,0],"11":[0,0],"12":[0,0],"13":[0,0],"14":[0,0],"15":[0,0,0],"16":[0,0],"17":[0,0],"18":[0,0],"19":[0,0],"20":[0,0],"21":[0,0],"22":[0,0]}}
,"/app/src/components/TabNavigation.js": {"path":"/app/src/components/TabNavigation.js","statementMap":{"0":{"start":{"line":5,"column":16},"end":{"line":5,"column":29}},"1":{"start":{"line":7,"column":2},"end":{"line":34,"column":4}},"2":{"start":{"line":11,"column":10},"end":{"line":30,"column":19}},"3":{"start":{"line":13,"column":27},"end":{"line":13,"column":63}}},"fnMap":{"0":{"name":"TabNavigation","decl":{"start":{"line":4,"column":9},"end":{"line":4,"column":22}},"loc":{"start":{"line":4,"column":57},"end":{"line":35,"column":1}},"line":4},"1":{"name":"(anonymous_1)","decl":{"start":{"line":10,"column":18},"end":{"line":10,"column":19}},"loc":{"start":{"line":11,"column":10},"end":{"line":30,"column":19}},"line":11},"2":{"name":"(anonymous_2)","decl":{"start":{"line":13,"column":21},"end":{"line":13,"column":22}},"loc":{"start":{"line":13,"column":27},"end":{"line":13,"column":63}},"line":13}},"branchMap":{"0":{"loc":{"start":{"line":13,"column":27},"end":{"line":13,"column":63}},"type":"binary-expr","locations":[{"start":{"line":13,"column":27},"end":{"line":13,"column":40}},{"start":{"line":13,"column":44},"end":{"line":13,"column":63}}],"line":13},"1":{"loc":{"start":{"line":17,"column":16},"end":{"line":21,"column":111}},"type":"cond-expr","locations":[{"start":{"line":18,"column":18},"end":{"line":18,"column":55}},{"start":{"line":19,"column":18},"end":{"line":21,"column":111}}],"line":17},"2":{"loc":{"start":{"line":19,"column":18},"end":{"line":21,"column":111}},"type":"cond-expr","locations":[{"start":{"line":20,"column":20},"end":{"line":20,"column":73}},{"start":{"line":21,"column":20},"end":{"line":21,"column":111}}],"line":19},"3":{"loc":{"start":{"line":27,"column":13},"end":{"line":29,"column":13}},"type":"binary-expr","locations":[{"start":{"line":27,"column":13},"end":{"line":27,"column":25}},{"start":{"line":28,"column":14},"end":{"line":28,"column":91}}],"line":27}},"s":{"0":0,"1":0,"2":0,"3":0},"f":{"0":0,"1":0,"2":0},"b":{"0":[0,0],"1":[0,0],"2":[0,0],"3":[0,0]}}
,"/app/src/components/UploadTab.js": {"path":"/app/src/components/UploadTab.js","statementMap":{"0":{"start":{"line":22,"column":16},"end":{"line":22,"column":29}},"1":{"start":{"line":24,"column":23},"end":{"line":66,"column":3}},"2":{"start":{"line":25,"column":4},"end":{"line":25,"column":75}},"3":{"start":{"line":27,"column":4},"end":{"line":65,"column":5}},"4":{"start":{"line":28,"column":21},"end":{"line":28,"column":65}},"5":{"start":{"line":29,"column":6},"end":{"line":29,"column":53}},"6":{"start":{"line":30,"column":6},"end":{"line":30,"column":64}},"7":{"start":{"line":33,"column":17},"end":{"line":33,"column":23}},"8":{"start":{"line":36,"column":6},"end":{"line":44,"column":7}},"9":{"start":{"line":37,"column":8},"end":{"line":43,"column":9}},"10":{"start":{"line":38,"column":10},"end":{"line":38,"column":34}},"11":{"start":{"line":39,"column":10},"end":{"line":39,"column":54}},"12":{"start":{"line":41,"column":10},"end":{"line":41,"column":84}},"13":{"start":{"line":42,"column":10},"end":{"line":42,"column":16}},"14":{"start":{"line":47,"column":6},"end":{"line":61,"column":7}},"15":{"start":{"line":48,"column":8},"end":{"line":48,"column":69}},"16":{"start":{"line":49,"column":8},"end":{"line":53,"column":11}},"17":{"start":{"line":54,"column":8},"end":{"line":54,"column":59}},"18":{"start":{"line":55,"column":13},"end":{"line":61,"column":7}},"19":{"start":{"line":56,"column":8},"end":{"line":56,"column":72}},"20":{"start":{"line":57,"column":8},"end":{"line":57,"column":36}},"21":{"start":{"line":59,"column":8},"end":{"line":59,"column":71}},"22":{"start":{"line":60,"column":8},"end":{"line":60,"column":66}},"23":{"start":{"line":63,"column":6},"end":{"line":63,"column":58}},"24":{"start":{"line":64,"column":6},"end":{"line":64,"column":16}},"25":{"start":{"line":68,"column":23},"end":{"line":75,"column":3}},"26":{"start":{"line":69,"column":4},"end":{"line":74,"column":5}},"27":{"start":{"line":70,"column":6},"end":{"line":70,"column":33}},"28":{"start":{"line":71,"column":6},"end":{"line":71,"column":29}},"29":{"start":{"line":73,"column":6},"end":{"line":73,"column":51}},"30":{"start":{"line":77,"column":25},"end":{"line":84,"column":3}},"31":{"start":{"line":78,"column":4},"end":{"line":83,"column":5}},"32":{"start":{"line":79,"column":6},"end":{"line":79,"column":28}},"33":{"start":{"line":80,"column":6},"end":{"line":80,"column":19}},"34":{"start":{"line":82,"column":6},"end":{"line":82,"column":51}},"35":{"start":{"line":86,"column":24},"end":{"line":105,"column":3}},"36":{"start":{"line":87,"column":4},"end":{"line":87,"column":21}},"37":{"start":{"line":88,"column":4},"end":{"line":104,"column":5}},"38":{"start":{"line":89,"column":21},"end":{"line":89,"column":42}},"39":{"start":{"line":90,"column":6},"end":{"line":99,"column":7}},"40":{"start":{"line":92,"column":34},"end":{"line":92,"column":62}},"41":{"start":{"line":93,"column":28},"end":{"line":93,"column":49}},"42":{"start":{"line":94,"column":8},"end":{"line":96,"column":9}},"43":{"start":{"line":95,"column":10},"end":{"line":95,"column":49}},"44":{"start":{"line":98,"column":8},"end":{"line":98,"column":66}},"45":{"start":{"line":101,"column":6},"end":{"line":101,"column":91}},"46":{"start":{"line":103,"column":6},"end":{"line":103,"column":24}},"47":{"start":{"line":107,"column":22},"end":{"line":107,"column":95}},"48":{"start":{"line":108,"column":21},"end":{"line":108,"column":69}},"49":{"start":{"line":110,"column":2},"end":{"line":182,"column":4}}},"fnMap":{"0":{"name":"UploadTab","decl":{"start":{"line":9,"column":9},"end":{"line":9,"column":18}},"loc":{"start":{"line":21,"column":3},"end":{"line":183,"column":1}},"line":21},"1":{"name":"(anonymous_1)","decl":{"start":{"line":24,"column":23},"end":{"line":24,"column":24}},"loc":{"start":{"line":24,"column":61},"end":{"line":66,"column":3}},"line":24},"2":{"name":"(anonymous_2)","decl":{"start":{"line":68,"column":23},"end":{"line":68,"column":24}},"loc":{"start":{"line":68,"column":43},"end":{"line":75,"column":3}},"line":68},"3":{"name":"(anonymous_3)","decl":{"start":{"line":77,"column":25},"end":{"line":77,"column":26}},"loc":{"start":{"line":77,"column":37},"end":{"line":84,"column":3}},"line":77},"4":{"name":"(anonymous_4)","decl":{"start":{"line":86,"column":24},"end":{"line":86,"column":25}},"loc":{"start":{"line":86,"column":36},"end":{"line":105,"column":3}},"line":86}},"branchMap":{"0":{"loc":{"start":{"line":47,"column":6},"end":{"line":61,"column":7}},"type":"if","locations":[{"start":{"line":47,"column":6},"end":{"line":61,"column":7}},{"start":{"line":55,"column":13},"end":{"line":61,"column":7}}],"line":47},"1":{"loc":{"start":{"line":47,"column":10},"end":{"line":47,"column":77}},"type":"binary-expr","locations":[{"start":{"line":47,"column":10},"end":{"line":47,"column":14}},{"start":{"line":47,"column":18},"end":{"line":47,"column":42}},{"start":{"line":47,"column":47},"end":{"line":47,"column":59}},{"start":{"line":47,"column":63},"end":{"line":47,"column":76}}],"line":47},"2":{"loc":{"start":{"line":51,"column":19},"end":{"line":51,"column":37}},"type":"binary-expr","locations":[{"start":{"line":51,"column":19},"end":{"line":51,"column":31}},{"start":{"line":51,"column":35},"end":{"line":51,"column":37}}],"line":51},"3":{"loc":{"start":{"line":52,"column":21},"end":{"line":52,"column":40}},"type":"binary-expr","locations":[{"start":{"line":52,"column":21},"end":{"line":52,"column":35}},{"start":{"line":52,"column":39},"end":{"line":52,"column":40}}],"line":52},"4":{"loc":{"start":{"line":55,"column":13},"end":{"line":61,"column":7}},"type":"if","locations":[{"start":{"line":55,"column":13},"end":{"line":61,"column":7}},{"start":{"line":58,"column":13},"end":{"line":61,"column":7}}],"line":55},"5":{"loc":{"start":{"line":55,"column":17},"end":{"line":55,"column":63}},"type":"binary-expr","locations":[{"start":{"line":55,"column":17},"end":{"line":55,"column":21}},{"start":{"line":55,"column":25},"end":{"line":55,"column":49}},{"start":{"line":55,"column":53},"end":{"line":55,"column":63}}],"line":55},"6":{"loc":{"start":{"line":90,"column":6},"end":{"line":99,"column":7}},"type":"if","locations":[{"start":{"line":90,"column":6},"end":{"line":99,"column":7}},{"start":{"line":97,"column":13},"end":{"line":99,"column":7}}],"line":90},"7":{"loc":{"start":{"line":94,"column":8},"end":{"line":96,"column":9}},"type":"if","locations":[{"start":{"line":94,"column":8},"end":{"line":96,"column":9}},{"start":{},"end":{}}],"line":94},"8":{"loc":{"start":{"line":98,"column":26},"end":{"line":98,"column":64}},"type":"binary-expr","locations":[{"start":{"line":98,"column":26},"end":{"line":98,"column":39}},{"start":{"line":98,"column":43},"end":{"line":98,"column":64}}],"line":98},"9":{"loc":{"start":{"line":101,"column":25},"end":{"line":101,"column":88}},"type":"binary-expr","locations":[{"start":{"line":101,"column":25},"end":{"line":101,"column":50}},{"start":{"line":101,"column":54},"end":{"line":101,"column":65}},{"start":{"line":101,"column":69},"end":{"line":101,"column":88}}],"line":101},"10":{"loc":{"start":{"line":107,"column":22},"end":{"line":107,"column":95}},"type":"binary-expr","locations":[{"start":{"line":107,"column":22},"end":{"line":107,"column":41}},{"start":{"line":107,"column":45},"end":{"line":107,"column":70}},{"start":{"line":107,"column":74},"end":{"line":107,"column":95}}],"line":107},"11":{"loc":{"start":{"line":108,"column":21},"end":{"line":108,"column":69}},"type":"binary-expr","locations":[{"start":{"line":108,"column":21},"end":{"line":108,"column":40}},{"start":{"line":108,"column":44},"end":{"line":108,"column":69}}],"line":108},"12":{"loc":{"start":{"line":113,"column":7},"end":{"line":115,"column":7}},"type":"binary-expr","locations":[{"start":{"line":113,"column":7},"end":{"line":113,"column":12}},{"start":{"line":114,"column":8},"end":{"line":114,"column":72}}],"line":113},"13":{"loc":{"start":{"line":114,"column":30},"end":{"line":114,"column":68}},"type":"cond-expr","locations":[{"start":{"line":114,"column":53},"end":{"line":114,"column":58}},{"start":{"line":114,"column":61},"end":{"line":114,"column":68}}],"line":114},"14":{"loc":{"start":{"line":123,"column":11},"end":{"line":131,"column":11}},"type":"binary-expr","locations":[{"start":{"line":123,"column":11},"end":{"line":123,"column":22}},{"start":{"line":124,"column":12},"end":{"line":130,"column":21}}],"line":123},"15":{"loc":{"start":{"line":178,"column":7},"end":{"line":180,"column":7}},"type":"binary-expr","locations":[{"start":{"line":178,"column":7},"end":{"line":178,"column":14}},{"start":{"line":179,"column":8},"end":{"line":179,"column":41}}],"line":178}},"s":{"0":0,"1":0,"2":0,"3":0,"4":0,"5":0,"6":0,"7":0,"8":0,"9":0,"10":0,"11":0,"12":0,"13":0,"14":0,"15":0,"16":0,"17":0,"18":0,"19":0,"20":0,"21":0,"22":0,"23":0,"24":0,"25":0,"26":0,"27":0,"28":0,"29":0,"30":0,"31":0,"32":0,"33":0,"34":0,"35":0,"36":0,"37":0,"38":0,"39":0,"40":0,"41":0,"42":0,"43":0,"44":0,"45":0,"46":0,"47":0,"48":0,"49":0},"f":{"0":0,"1":0,"2":0,"3":0,"4":0},"b":{"0":[0,0],"1":[0,0,0,0],"2":[0,0],"3":[0,0],"4":[0,0],"5":[0,0,0],"6":[0,0],"7":[0,0],"8":[0,0],"9":[0,0,0],"10":[0,0,0],"11":[0,0],"12":[0,0],"13":[0,0],"14":[0,0],"15":[0,0]}}
,"/app/src/components/charts/BarChart.js": {"path":"/app/src/components/charts/BarChart.js","statementMap":{"0":{"start":{"line":5,"column":17},"end":{"line":5,"column":25}},"1":{"start":{"line":6,"column":23},"end":{"line":6,"column":31}},"2":{"start":{"line":8,"column":2},"end":{"line":123,"column":53}},"3":{"start":{"line":9,"column":4},"end":{"line":9,"column":43}},"4":{"start":{"line":9,"column":36},"end":{"line":9,"column":43}},"5":{"start":{"line":11,"column":16},"end":{"line":11,"column":41}},"6":{"start":{"line":12,"column":4},"end":{"line":12,"column":32}},"7":{"start":{"line":14,"column":22},"end":{"line":14,"column":42}},"8":{"start":{"line":15,"column":18},"end":{"line":15,"column":39}},"9":{"start":{"line":16,"column":19},"end":{"line":16,"column":64}},"10":{"start":{"line":17,"column":23},"end":{"line":17,"column":57}},"11":{"start":{"line":18,"column":24},"end":{"line":18,"column":59}},"12":{"start":{"line":20,"column":14},"end":{"line":24,"column":67}},"13":{"start":{"line":27,"column":14},"end":{"line":30,"column":19}},"14":{"start":{"line":28,"column":28},"end":{"line":28,"column":35}},"15":{"start":{"line":32,"column":14},"end":{"line":35,"column":30}},"16":{"start":{"line":33,"column":36},"end":{"line":33,"column":43}},"17":{"start":{"line":38,"column":4},"end":{"line":54,"column":9}},"18":{"start":{"line":48,"column":21},"end":{"line":48,"column":36}},"19":{"start":{"line":49,"column":22},"end":{"line":49,"column":33}},"20":{"start":{"line":51,"column":8},"end":{"line":53,"column":9}},"21":{"start":{"line":52,"column":10},"end":{"line":52,"column":52}},"22":{"start":{"line":57,"column":4},"end":{"line":60,"column":34}},"23":{"start":{"line":58,"column":52},"end":{"line":58,"column":101}},"24":{"start":{"line":63,"column":4},"end":{"line":68,"column":39}},"25":{"start":{"line":70,"column":4},"end":{"line":70,"column":39}},"26":{"start":{"line":73,"column":4},"end":{"line":87,"column":53}},"27":{"start":{"line":78,"column":22},"end":{"line":78,"column":32}},"28":{"start":{"line":86,"column":22},"end":{"line":86,"column":32}},"29":{"start":{"line":87,"column":27},"end":{"line":87,"column":51}},"30":{"start":{"line":90,"column":20},"end":{"line":101,"column":29}},"31":{"start":{"line":103,"column":4},"end":{"line":118,"column":9}},"32":{"start":{"line":105,"column":8},"end":{"line":105,"column":45}},"33":{"start":{"line":106,"column":8},"end":{"line":108,"column":116}},"34":{"start":{"line":111,"column":8},"end":{"line":113,"column":51}},"35":{"start":{"line":116,"column":8},"end":{"line":116,"column":43}},"36":{"start":{"line":117,"column":8},"end":{"line":117,"column":36}},"37":{"start":{"line":120,"column":4},"end":{"line":122,"column":6}},"38":{"start":{"line":121,"column":6},"end":{"line":121,"column":23}},"39":{"start":{"line":125,"column":2},"end":{"line":131,"column":3}},"40":{"start":{"line":126,"column":4},"end":{"line":130,"column":6}},"41":{"start":{"line":133,"column":2},"end":{"line":137,"column":4}}},"fnMap":{"0":{"name":"BarChart","decl":{"start":{"line":4,"column":9},"end":{"line":4,"column":17}},"loc":{"start":{"line":4,"column":86},"end":{"line":138,"column":1}},"line":4},"1":{"name":"(anonymous_1)","decl":{"start":{"line":8,"column":12},"end":{"line":8,"column":13}},"loc":{"start":{"line":8,"column":18},"end":{"line":123,"column":3}},"line":8},"2":{"name":"(anonymous_2)","decl":{"start":{"line":28,"column":23},"end":{"line":28,"column":24}},"loc":{"start":{"line":28,"column":28},"end":{"line":28,"column":35}},"line":28},"3":{"name":"(anonymous_3)","decl":{"start":{"line":33,"column":31},"end":{"line":33,"column":32}},"loc":{"start":{"line":33,"column":36},"end":{"line":33,"column":43}},"line":33},"4":{"name":"(anonymous_4)","decl":{"start":{"line":47,"column":12},"end":{"line":47,"column":13}},"loc":{"start":{"line":47,"column":23},"end":{"line":54,"column":7}},"line":47},"5":{"name":"(anonymous_5)","decl":{"start":{"line":58,"column":47},"end":{"line":58,"column":48}},"loc":{"start":{"line":58,"column":52},"end":{"line":58,"column":101}},"line":58},"6":{"name":"(anonymous_6)","decl":{"start":{"line":78,"column":17},"end":{"line":78,"column":18}},"loc":{"start":{"line":78,"column":22},"end":{"line":78,"column":32}},"line":78},"7":{"name":"(anonymous_7)","decl":{"start":{"line":86,"column":17},"end":{"line":86,"column":18}},"loc":{"start":{"line":86,"column":22},"end":{"line":86,"column":32}},"line":86},"8":{"name":"(anonymous_8)","decl":{"start":{"line":87,"column":22},"end":{"line":87,"column":23}},"loc":{"start":{"line":87,"column":27},"end":{"line":87,"column":51}},"line":87},"9":{"name":"(anonymous_9)","decl":{"start":{"line":104,"column":23},"end":{"line":104,"column":24}},"loc":{"start":{"line":104,"column":42},"end":{"line":109,"column":7}},"line":104},"10":{"name":"(anonymous_10)","decl":{"start":{"line":110,"column":23},"end":{"line":110,"column":24}},"loc":{"start":{"line":110,"column":39},"end":{"line":114,"column":7}},"line":110},"11":{"name":"(anonymous_11)","decl":{"start":{"line":115,"column":22},"end":{"line":115,"column":23}},"loc":{"start":{"line":115,"column":33},"end":{"line":118,"column":7}},"line":115},"12":{"name":"(anonymous_12)","decl":{"start":{"line":120,"column":11},"end":{"line":120,"column":12}},"loc":{"start":{"line":120,"column":17},"end":{"line":122,"column":5}},"line":120}},"branchMap":{"0":{"loc":{"start":{"line":4,"column":38},"end":{"line":4,"column":55}},"type":"default-arg","locations":[{"start":{"line":4,"column":46},"end":{"line":4,"column":55}}],"line":4},"1":{"loc":{"start":{"line":4,"column":57},"end":{"line":4,"column":69}},"type":"default-arg","locations":[{"start":{"line":4,"column":66},"end":{"line":4,"column":69}}],"line":4},"2":{"loc":{"start":{"line":9,"column":4},"end":{"line":9,"column":43}},"type":"if","locations":[{"start":{"line":9,"column":4},"end":{"line":9,"column":43}},{"start":{},"end":{}}],"line":9},"3":{"loc":{"start":{"line":9,"column":8},"end":{"line":9,"column":34}},"type":"binary-expr","locations":[{"start":{"line":9,"column":8},"end":{"line":9,"column":13}},{"start":{"line":9,"column":17},"end":{"line":9,"column":34}}],"line":9},"4":{"loc":{"start":{"line":51,"column":8},"end":{"line":53,"column":9}},"type":"if","locations":[{"start":{"line":51,"column":8},"end":{"line":53,"column":9}},{"start":{},"end":{}}],"line":51},"5":{"loc":{"start":{"line":58,"column":52},"end":{"line":58,"column":101}},"type":"cond-expr","locations":[{"start":{"line":58,"column":66},"end":{"line":58,"column":80}},{"start":{"line":58,"column":83},"end":{"line":58,"column":101}}],"line":58},"6":{"loc":{"start":{"line":108,"column":51},"end":{"line":108,"column":112}},"type":"cond-expr","locations":[{"start":{"line":108,"column":65},"end":{"line":108,"column":85}},{"start":{"line":108,"column":88},"end":{"line":108,"column":112}}],"line":108},"7":{"loc":{"start":{"line":125,"column":2},"end":{"line":131,"column":3}},"type":"if","locations":[{"start":{"line":125,"column":2},"end":{"line":131,"column":3}},{"start":{},"end":{}}],"line":125},"8":{"loc":{"start":{"line":125,"column":6},"end":{"line":125,"column":32}},"type":"binary-expr","locations":[{"start":{"line":125,"column":6},"end":{"line":125,"column":11}},{"start":{"line":125,"column":15},"end":{"line":125,"column":32}}],"line":125}},"s":{"0":0,"1":0,"2":0,"3":0,"4":0,"5":0,"6":0,"7":0,"8":0,"9":0,"10":0,"11":0,"12":0,"13":0,"14":0,"15":0,"16":0,"17":0,"18":0,"19":0,"20":0,"21":0,"22":0,"23":0,"24":0,"25":0,"26":0,"27":0,"28":0,"29":0,"30":0,"31":0,"32":0,"33":0,"34":0,"35":0,"36":0,"37":0,"38":0,"39":0,"40":0,"41":0},"f":{"0":0,"1":0,"2":0,"3":0,"4":0,"5":0,"6":0,"7":0,"8":0,"9":0,"10":0,"11":0,"12":0},"b":{"0":[0],"1":[0],"2":[0,0],"3":[0,0],"4":[0,0],"5":[0,0],"6":[0,0],"7":[0,0],"8":[0,0]}}
,"/app/src/components/charts/DataTable.js": {"path":"/app/src/components/charts/DataTable.js","statementMap":{"0":{"start":{"line":4,"column":2},"end":{"line":10,"column":3}},"1":{"start":{"line":5,"column":4},"end":{"line":9,"column":6}},"2":{"start":{"line":12,"column":22},"end":{"line":27,"column":3}},"3":{"start":{"line":13,"column":4},"end":{"line":13,"column":74}},"4":{"start":{"line":13,"column":63},"end":{"line":13,"column":74}},"5":{"start":{"line":15,"column":4},"end":{"line":26,"column":5}},"6":{"start":{"line":17,"column":8},"end":{"line":17,"column":74}},"7":{"start":{"line":19,"column":8},"end":{"line":21,"column":18}},"8":{"start":{"line":23,"column":8},"end":{"line":23,"column":82}},"9":{"start":{"line":25,"column":8},"end":{"line":25,"column":21}},"10":{"start":{"line":29,"column":2},"end":{"line":67,"column":4}},"11":{"start":{"line":35,"column":14},"end":{"line":40,"column":19}},"12":{"start":{"line":46,"column":12},"end":{"line":62,"column":17}},"13":{"start":{"line":51,"column":16},"end":{"line":60,"column":21}}},"fnMap":{"0":{"name":"DataTable","decl":{"start":{"line":3,"column":9},"end":{"line":3,"column":18}},"loc":{"start":{"line":3,"column":38},"end":{"line":68,"column":1}},"line":3},"1":{"name":"(anonymous_1)","decl":{"start":{"line":12,"column":22},"end":{"line":12,"column":23}},"loc":{"start":{"line":12,"column":39},"end":{"line":27,"column":3}},"line":12},"2":{"name":"(anonymous_2)","decl":{"start":{"line":34,"column":25},"end":{"line":34,"column":26}},"loc":{"start":{"line":35,"column":14},"end":{"line":40,"column":19}},"line":35},"3":{"name":"(anonymous_3)","decl":{"start":{"line":45,"column":20},"end":{"line":45,"column":21}},"loc":{"start":{"line":46,"column":12},"end":{"line":62,"column":17}},"line":46},"4":{"name":"(anonymous_4)","decl":{"start":{"line":50,"column":27},"end":{"line":50,"column":28}},"loc":{"start":{"line":51,"column":16},"end":{"line":60,"column":21}},"line":51}},"branchMap":{"0":{"loc":{"start":{"line":4,"column":2},"end":{"line":10,"column":3}},"type":"if","locations":[{"start":{"line":4,"column":2},"end":{"line":10,"column":3}},{"start":{},"end":{}}],"line":4},"1":{"loc":{"start":{"line":4,"column":6},"end":{"line":4,"column":32}},"type":"binary-expr","locations":[{"start":{"line":4,"column":6},"end":{"line":4,"column":11}},{"start":{"line":4,"column":15},"end":{"line":4,"column":32}}],"line":4},"2":{"loc":{"start":{"line":13,"column":4},"end":{"line":13,"column":74}},"type":"if","locations":[{"start":{"line":13,"column":4},"end":{"line":13,"column":74}},{"start":{},"end":{}}],"line":13},"3":{"loc":{"start":{"line":13,"column":8},"end":{"line":13,"column":61}},"type":"binary-expr","locations":[{"start":{"line":13,"column":8},"end":{"line":13,"column":22}},{"start":{"line":13,"column":26},"end":{"line":13,"column":45}},{"start":{"line":13,"column":49},"end":{"line":13,"column":61}}],"line":13},"4":{"loc":{"start":{"line":15,"column":4},"end":{"line":26,"column":5}},"type":"switch","locations":[{"start":{"line":16,"column":6},"end":{"line":17,"column":74}},{"start":{"line":18,"column":6},"end":{"line":21,"column":18}},{"start":{"line":22,"column":6},"end":{"line":23,"column":82}},{"start":{"line":24,"column":6},"end":{"line":25,"column":21}}],"line":15},"5":{"loc":{"start":{"line":17,"column":15},"end":{"line":17,"column":73}},"type":"cond-expr","locations":[{"start":{"line":17,"column":43},"end":{"line":17,"column":65}},{"start":{"line":17,"column":68},"end":{"line":17,"column":73}}],"line":17},"6":{"loc":{"start":{"line":19,"column":15},"end":{"line":21,"column":17}},"type":"cond-expr","locations":[{"start":{"line":20,"column":12},"end":{"line":20,"column":103}},{"start":{"line":21,"column":12},"end":{"line":21,"column":17}}],"line":19},"7":{"loc":{"start":{"line":23,"column":15},"end":{"line":23,"column":81}},"type":"cond-expr","locations":[{"start":{"line":23,"column":43},"end":{"line":23,"column":73}},{"start":{"line":23,"column":76},"end":{"line":23,"column":81}}],"line":23},"8":{"loc":{"start":{"line":48,"column":28},"end":{"line":48,"column":134}},"type":"cond-expr","locations":[{"start":{"line":48,"column":86},"end":{"line":48,"column":113}},{"start":{"line":48,"column":116},"end":{"line":48,"column":134}}],"line":48},"9":{"loc":{"start":{"line":48,"column":28},"end":{"line":48,"column":83}},"type":"binary-expr","locations":[{"start":{"line":48,"column":28},"end":{"line":48,"column":55}},{"start":{"line":48,"column":59},"end":{"line":48,"column":83}}],"line":48},"10":{"loc":{"start":{"line":54,"column":20},"end":{"line":56,"column":35}},"type":"cond-expr","locations":[{"start":{"line":55,"column":24},"end":{"line":55,"column":36}},{"start":{"line":56,"column":24},"end":{"line":56,"column":35}}],"line":54},"11":{"loc":{"start":{"line":54,"column":20},"end":{"line":54,"column":94}},"type":"binary-expr","locations":[{"start":{"line":54,"column":20},"end":{"line":54,"column":41}},{"start":{"line":54,"column":45},"end":{"line":54,"column":68}},{"start":{"line":54,"column":72},"end":{"line":54,"column":94}}],"line":54}},"s":{"0":0,"1":0,"2":0,"3":0,"4":0,"5":0,"6":0,"7":0,"8":0,"9":0,"10":0,"11":0,"12":0,"13":0},"f":{"0":0,"1":0,"2":0,"3":0,"4":0},"b":{"0":[0,0],"1":[0,0],"2":[0,0],"3":[0,0,0],"4":[0,0,0,0],"5":[0,0],"6":[0,0],"7":[0,0],"8":[0,0],"9":[0,0],"10":[0,0],"11":[0,0,0]}}
,"/app/src/components/charts/PieChart.js": {"path":"/app/src/components/charts/PieChart.js","statementMap":{"0":{"start":{"line":4,"column":23},"end":{"line":7,"column":1}},"1":{"start":{"line":10,"column":17},"end":{"line":10,"column":25}},"2":{"start":{"line":11,"column":23},"end":{"line":11,"column":31}},"3":{"start":{"line":13,"column":2},"end":{"line":161,"column":49}},"4":{"start":{"line":14,"column":4},"end":{"line":14,"column":43}},"5":{"start":{"line":14,"column":36},"end":{"line":14,"column":43}},"6":{"start":{"line":16,"column":16},"end":{"line":16,"column":41}},"7":{"start":{"line":17,"column":4},"end":{"line":17,"column":32}},"8":{"start":{"line":19,"column":22},"end":{"line":19,"column":42}},"9":{"start":{"line":20,"column":18},"end":{"line":20,"column":39}},"10":{"start":{"line":21,"column":19},"end":{"line":21,"column":51}},"11":{"start":{"line":23,"column":14},"end":{"line":27,"column":65}},"12":{"start":{"line":30,"column":18},"end":{"line":32,"column":20}},"13":{"start":{"line":31,"column":28},"end":{"line":31,"column":39}},"14":{"start":{"line":35,"column":16},"end":{"line":37,"column":17}},"15":{"start":{"line":36,"column":18},"end":{"line":36,"column":29}},"16":{"start":{"line":40,"column":16},"end":{"line":42,"column":26}},"17":{"start":{"line":44,"column":21},"end":{"line":46,"column":33}},"18":{"start":{"line":49,"column":20},"end":{"line":60,"column":29}},"19":{"start":{"line":63,"column":18},"end":{"line":63,"column":48}},"20":{"start":{"line":63,"column":36},"end":{"line":63,"column":47}},"21":{"start":{"line":66,"column":17},"end":{"line":70,"column":27}},"22":{"start":{"line":72,"column":4},"end":{"line":86,"column":9}},"23":{"start":{"line":74,"column":25},"end":{"line":74,"column":48}},"24":{"start":{"line":82,"column":18},"end":{"line":82,"column":67}},"25":{"start":{"line":83,"column":8},"end":{"line":85,"column":10}},"26":{"start":{"line":84,"column":10},"end":{"line":84,"column":27}},"27":{"start":{"line":89,"column":4},"end":{"line":112,"column":9}},"28":{"start":{"line":91,"column":8},"end":{"line":94,"column":31}},"29":{"start":{"line":96,"column":24},"end":{"line":96,"column":69}},"30":{"start":{"line":97,"column":8},"end":{"line":99,"column":111}},"31":{"start":{"line":102,"column":8},"end":{"line":104,"column":51}},"32":{"start":{"line":107,"column":8},"end":{"line":110,"column":26}},"33":{"start":{"line":111,"column":8},"end":{"line":111,"column":36}},"34":{"start":{"line":115,"column":21},"end":{"line":117,"column":32}},"35":{"start":{"line":119,"column":4},"end":{"line":132,"column":9}},"36":{"start":{"line":120,"column":30},"end":{"line":120,"column":66}},"37":{"start":{"line":130,"column":24},"end":{"line":130,"column":56}},"38":{"start":{"line":131,"column":8},"end":{"line":131,"column":59}},"39":{"start":{"line":135,"column":19},"end":{"line":136,"column":57}},"40":{"start":{"line":138,"column":24},"end":{"line":143,"column":61}},"41":{"start":{"line":143,"column":35},"end":{"line":143,"column":60}},"42":{"start":{"line":145,"column":4},"end":{"line":149,"column":45}},"43":{"start":{"line":149,"column":25},"end":{"line":149,"column":43}},"44":{"start":{"line":151,"column":4},"end":{"line":156,"column":95}},"45":{"start":{"line":156,"column":17},"end":{"line":156,"column":93}},"46":{"start":{"line":158,"column":4},"end":{"line":160,"column":6}},"47":{"start":{"line":159,"column":6},"end":{"line":159,"column":23}},"48":{"start":{"line":163,"column":2},"end":{"line":169,"column":3}},"49":{"start":{"line":164,"column":4},"end":{"line":168,"column":6}},"50":{"start":{"line":171,"column":2},"end":{"line":175,"column":4}}},"fnMap":{"0":{"name":"PieChart","decl":{"start":{"line":9,"column":9},"end":{"line":9,"column":17}},"loc":{"start":{"line":9,"column":87},"end":{"line":176,"column":1}},"line":9},"1":{"name":"(anonymous_1)","decl":{"start":{"line":13,"column":12},"end":{"line":13,"column":13}},"loc":{"start":{"line":13,"column":18},"end":{"line":161,"column":3}},"line":13},"2":{"name":"(anonymous_2)","decl":{"start":{"line":31,"column":23},"end":{"line":31,"column":24}},"loc":{"start":{"line":31,"column":28},"end":{"line":31,"column":39}},"line":31},"3":{"name":"(anonymous_3)","decl":{"start":{"line":36,"column":13},"end":{"line":36,"column":14}},"loc":{"start":{"line":36,"column":18},"end":{"line":36,"column":29}},"line":36},"4":{"name":"(anonymous_4)","decl":{"start":{"line":63,"column":31},"end":{"line":63,"column":32}},"loc":{"start":{"line":63,"column":36},"end":{"line":63,"column":47}},"line":63},"5":{"name":"(anonymous_5)","decl":{"start":{"line":74,"column":20},"end":{"line":74,"column":21}},"loc":{"start":{"line":74,"column":25},"end":{"line":74,"column":48}},"line":74},"6":{"name":"(anonymous_6)","decl":{"start":{"line":81,"column":22},"end":{"line":81,"column":23}},"loc":{"start":{"line":81,"column":34},"end":{"line":86,"column":7}},"line":81},"7":{"name":"(anonymous_7)","decl":{"start":{"line":83,"column":15},"end":{"line":83,"column":16}},"loc":{"start":{"line":83,"column":27},"end":{"line":85,"column":9}},"line":83},"8":{"name":"(anonymous_8)","decl":{"start":{"line":90,"column":23},"end":{"line":90,"column":24}},"loc":{"start":{"line":90,"column":42},"end":{"line":100,"column":7}},"line":90},"9":{"name":"(anonymous_9)","decl":{"start":{"line":101,"column":23},"end":{"line":101,"column":24}},"loc":{"start":{"line":101,"column":39},"end":{"line":105,"column":7}},"line":101},"10":{"name":"(anonymous_10)","decl":{"start":{"line":106,"column":22},"end":{"line":106,"column":23}},"loc":{"start":{"line":106,"column":33},"end":{"line":112,"column":7}},"line":106},"11":{"name":"(anonymous_11)","decl":{"start":{"line":120,"column":25},"end":{"line":120,"column":26}},"loc":{"start":{"line":120,"column":30},"end":{"line":120,"column":66}},"line":120},"12":{"name":"(anonymous_12)","decl":{"start":{"line":129,"column":12},"end":{"line":129,"column":13}},"loc":{"start":{"line":129,"column":17},"end":{"line":132,"column":7}},"line":129},"13":{"name":"(anonymous_13)","decl":{"start":{"line":143,"column":25},"end":{"line":143,"column":26}},"loc":{"start":{"line":143,"column":35},"end":{"line":143,"column":60}},"line":143},"14":{"name":"(anonymous_14)","decl":{"start":{"line":149,"column":20},"end":{"line":149,"column":21}},"loc":{"start":{"line":149,"column":25},"end":{"line":149,"column":43}},"line":149},"15":{"name":"(anonymous_15)","decl":{"start":{"line":156,"column":12},"end":{"line":156,"column":13}},"loc":{"start":{"line":156,"column":17},"end":{"line":156,"column":93}},"line":156},"16":{"name":"(anonymous_16)","decl":{"start":{"line":158,"column":11},"end":{"line":158,"column":12}},"loc":{"start":{"line":158,"column":17},"end":{"line":160,"column":5}},"line":158}},"branchMap":{"0":{"loc":{"start":{"line":9,"column":46},"end":{"line":9,"column":58}},"type":"default-arg","locations":[{"start":{"line":9,"column":55},"end":{"line":9,"column":58}}],"line":9},"1":{"loc":{"start":{"line":9,"column":60},"end":{"line":9,"column":83}},"type":"default-arg","locations":[{"start":{"line":9,"column":69},"end":{"line":9,"column":83}}],"line":9},"2":{"loc":{"start":{"line":14,"column":4},"end":{"line":14,"column":43}},"type":"if","locations":[{"start":{"line":14,"column":4},"end":{"line":14,"column":43}},{"start":{},"end":{}}],"line":14},"3":{"loc":{"start":{"line":14,"column":8},"end":{"line":14,"column":34}},"type":"binary-expr","locations":[{"start":{"line":14,"column":8},"end":{"line":14,"column":13}},{"start":{"line":14,"column":17},"end":{"line":14,"column":34}}],"line":14},"4":{"loc":{"start":{"line":131,"column":15},"end":{"line":131,"column":58}},"type":"cond-expr","locations":[{"start":{"line":131,"column":29},"end":{"line":131,"column":53}},{"start":{"line":131,"column":56},"end":{"line":131,"column":58}}],"line":131},"5":{"loc":{"start":{"line":156,"column":17},"end":{"line":156,"column":93}},"type":"cond-expr","locations":[{"start":{"line":156,"column":43},"end":{"line":156,"column":79}},{"start":{"line":156,"column":82},"end":{"line":156,"column":93}}],"line":156},"6":{"loc":{"start":{"line":163,"column":2},"end":{"line":169,"column":3}},"type":"if","locations":[{"start":{"line":163,"column":2},"end":{"line":169,"column":3}},{"start":{},"end":{}}],"line":163},"7":{"loc":{"start":{"line":163,"column":6},"end":{"line":163,"column":32}},"type":"binary-expr","locations":[{"start":{"line":163,"column":6},"end":{"line":163,"column":11}},{"start":{"line":163,"column":15},"end":{"line":163,"column":32}}],"line":163}},"s":{"0":0,"1":0,"2":0,"3":0,"4":0,"5":0,"6":0,"7":0,"8":0,"9":0,"10":0,"11":0,"12":0,"13":0,"14":0,"15":0,"16":0,"17":0,"18":0,"19":0,"20":0,"21":0,"22":0,"23":0,"24":0,"25":0,"26":0,"27":0,"28":0,"29":0,"30":0,"31":0,"32":0,"33":0,"34":0,"35":0,"36":0,"37":0,"38":0,"39":0,"40":0,"41":0,"42":0,"43":0,"44":0,"45":0,"46":0,"47":0,"48":0,"49":0,"50":0},"f":{"0":0,"1":0,"2":0,"3":0,"4":0,"5":0,"6":0,"7":0,"8":0,"9":0,"10":0,"11":0,"12":0,"13":0,"14":0,"15":0,"16":0},"b":{"0":[0],"1":[0],"2":[0,0],"3":[0,0],"4":[0,0],"5":[0,0],"6":[0,0],"7":[0,0]}}
,"/app/src/components/charts/PropertySelector.js": {"path":"/app/src/components/charts/PropertySelector.js","statementMap":{"0":{"start":{"line":4,"column":2},"end":{"line":35,"column":4}},"1":{"start":{"line":10,"column":27},"end":{"line":10,"column":41}},"2":{"start":{"line":20,"column":12},"end":{"line":30,"column":21}},"3":{"start":{"line":22,"column":29},"end":{"line":22,"column":43}}},"fnMap":{"0":{"name":"PropertySelector","decl":{"start":{"line":3,"column":9},"end":{"line":3,"column":25}},"loc":{"start":{"line":3,"column":69},"end":{"line":36,"column":1}},"line":3},"1":{"name":"(anonymous_1)","decl":{"start":{"line":10,"column":21},"end":{"line":10,"column":22}},"loc":{"start":{"line":10,"column":27},"end":{"line":10,"column":41}},"line":10},"2":{"name":"(anonymous_2)","decl":{"start":{"line":19,"column":26},"end":{"line":19,"column":27}},"loc":{"start":{"line":20,"column":12},"end":{"line":30,"column":21}},"line":20},"3":{"name":"(anonymous_3)","decl":{"start":{"line":22,"column":23},"end":{"line":22,"column":24}},"loc":{"start":{"line":22,"column":29},"end":{"line":22,"column":43}},"line":22}},"branchMap":{"0":{"loc":{"start":{"line":12,"column":14},"end":{"line":14,"column":63}},"type":"cond-expr","locations":[{"start":{"line":13,"column":18},"end":{"line":13,"column":45}},{"start":{"line":14,"column":18},"end":{"line":14,"column":63}}],"line":12},"1":{"loc":{"start":{"line":24,"column":16},"end":{"line":26,"column":65}},"type":"cond-expr","locations":[{"start":{"line":25,"column":20},"end":{"line":25,"column":47}},{"start":{"line":26,"column":20},"end":{"line":26,"column":65}}],"line":24},"2":{"loc":{"start":{"line":29,"column":15},"end":{"line":29,"column":70}},"type":"cond-expr","locations":[{"start":{"line":29,"column":34},"end":{"line":29,"column":63}},{"start":{"line":29,"column":66},"end":{"line":29,"column":70}}],"line":29}},"s":{"0":0,"1":0,"2":0,"3":0},"f":{"0":0,"1":0,"2":0,"3":0},"b":{"0":[0,0],"1":[0,0],"2":[0,0]}}
,"/app/src/components/charts/TimeSeriesChart.js": {"path":"/app/src/components/charts/TimeSeriesChart.js","statementMap":{"0":{"start":{"line":5,"column":17},"end":{"line":5,"column":25}},"1":{"start":{"line":6,"column":23},"end":{"line":6,"column":31}},"2":{"start":{"line":8,"column":2},"end":{"line":141,"column":34}},"3":{"start":{"line":9,"column":4},"end":{"line":9,"column":43}},"4":{"start":{"line":9,"column":36},"end":{"line":9,"column":43}},"5":{"start":{"line":11,"column":16},"end":{"line":11,"column":41}},"6":{"start":{"line":12,"column":4},"end":{"line":12,"column":32}},"7":{"start":{"line":14,"column":22},"end":{"line":14,"column":42}},"8":{"start":{"line":15,"column":18},"end":{"line":15,"column":39}},"9":{"start":{"line":16,"column":19},"end":{"line":16,"column":63}},"10":{"start":{"line":17,"column":23},"end":{"line":17,"column":57}},"11":{"start":{"line":18,"column":24},"end":{"line":18,"column":59}},"12":{"start":{"line":20,"column":14},"end":{"line":24,"column":67}},"13":{"start":{"line":27,"column":14},"end":{"line":30,"column":19}},"14":{"start":{"line":28,"column":28},"end":{"line":28,"column":35}},"15":{"start":{"line":32,"column":22},"end":{"line":32,"column":71}},"16":{"start":{"line":32,"column":44},"end":{"line":32,"column":70}},"17":{"start":{"line":32,"column":58},"end":{"line":32,"column":69}},"18":{"start":{"line":33,"column":14},"end":{"line":36,"column":30}},"19":{"start":{"line":39,"column":4},"end":{"line":47,"column":34}},"20":{"start":{"line":50,"column":4},"end":{"line":53,"column":34}},"21":{"start":{"line":51,"column":52},"end":{"line":51,"column":76}},"22":{"start":{"line":56,"column":4},"end":{"line":61,"column":39}},"23":{"start":{"line":63,"column":4},"end":{"line":63,"column":39}},"24":{"start":{"line":66,"column":20},"end":{"line":77,"column":29}},"25":{"start":{"line":80,"column":21},"end":{"line":80,"column":49}},"26":{"start":{"line":82,"column":4},"end":{"line":114,"column":7}},"27":{"start":{"line":83,"column":6},"end":{"line":113,"column":59}},"28":{"start":{"line":88,"column":24},"end":{"line":88,"column":57}},"29":{"start":{"line":95,"column":10},"end":{"line":95,"column":47}},"30":{"start":{"line":96,"column":10},"end":{"line":98,"column":101}},"31":{"start":{"line":101,"column":10},"end":{"line":103,"column":53}},"32":{"start":{"line":106,"column":10},"end":{"line":106,"column":45}},"33":{"start":{"line":107,"column":10},"end":{"line":107,"column":38}},"34":{"start":{"line":112,"column":24},"end":{"line":112,"column":38}},"35":{"start":{"line":113,"column":29},"end":{"line":113,"column":57}},"36":{"start":{"line":117,"column":19},"end":{"line":118,"column":63}},"37":{"start":{"line":120,"column":4},"end":{"line":136,"column":7}},"38":{"start":{"line":121,"column":25},"end":{"line":122,"column":54}},"39":{"start":{"line":124,"column":6},"end":{"line":128,"column":34}},"40":{"start":{"line":130,"column":6},"end":{"line":135,"column":26}},"41":{"start":{"line":138,"column":4},"end":{"line":140,"column":6}},"42":{"start":{"line":139,"column":6},"end":{"line":139,"column":23}},"43":{"start":{"line":143,"column":2},"end":{"line":149,"column":3}},"44":{"start":{"line":144,"column":4},"end":{"line":148,"column":6}},"45":{"start":{"line":151,"column":2},"end":{"line":155,"column":4}}},"fnMap":{"0":{"name":"TimeSeriesChart","decl":{"start":{"line":4,"column":9},"end":{"line":4,"column":24}},"loc":{"start":{"line":4,"column":62},"end":{"line":156,"column":1}},"line":4},"1":{"name":"(anonymous_1)","decl":{"start":{"line":8,"column":12},"end":{"line":8,"column":13}},"loc":{"start":{"line":8,"column":18},"end":{"line":141,"column":3}},"line":8},"2":{"name":"(anonymous_2)","decl":{"start":{"line":28,"column":23},"end":{"line":28,"column":24}},"loc":{"start":{"line":28,"column":28},"end":{"line":28,"column":35}},"line":28},"3":{"name":"(anonymous_3)","decl":{"start":{"line":32,"column":36},"end":{"line":32,"column":37}},"loc":{"start":{"line":32,"column":44},"end":{"line":32,"column":70}},"line":32},"4":{"name":"(anonymous_4)","decl":{"start":{"line":32,"column":53},"end":{"line":32,"column":54}},"loc":{"start":{"line":32,"column":58},"end":{"line":32,"column":69}},"line":32},"5":{"name":"(anonymous_5)","decl":{"start":{"line":51,"column":47},"end":{"line":51,"column":48}},"loc":{"start":{"line":51,"column":52},"end":{"line":51,"column":76}},"line":51},"6":{"name":"(anonymous_6)","decl":{"start":{"line":82,"column":18},"end":{"line":82,"column":19}},"loc":{"start":{"line":82,"column":39},"end":{"line":114,"column":5}},"line":82},"7":{"name":"(anonymous_7)","decl":{"start":{"line":88,"column":19},"end":{"line":88,"column":20}},"loc":{"start":{"line":88,"column":24},"end":{"line":88,"column":57}},"line":88},"8":{"name":"(anonymous_8)","decl":{"start":{"line":94,"column":25},"end":{"line":94,"column":26}},"loc":{"start":{"line":94,"column":44},"end":{"line":99,"column":9}},"line":94},"9":{"name":"(anonymous_9)","decl":{"start":{"line":100,"column":25},"end":{"line":100,"column":26}},"loc":{"start":{"line":100,"column":41},"end":{"line":104,"column":9}},"line":100},"10":{"name":"(anonymous_10)","decl":{"start":{"line":105,"column":24},"end":{"line":105,"column":25}},"loc":{"start":{"line":105,"column":35},"end":{"line":108,"column":9}},"line":105},"11":{"name":"(anonymous_11)","decl":{"start":{"line":112,"column":19},"end":{"line":112,"column":20}},"loc":{"start":{"line":112,"column":24},"end":{"line":112,"column":38}},"line":112},"12":{"name":"(anonymous_12)","decl":{"start":{"line":113,"column":24},"end":{"line":113,"column":25}},"loc":{"start":{"line":113,"column":29},"end":{"line":113,"column":57}},"line":113},"13":{"name":"(anonymous_13)","decl":{"start":{"line":120,"column":18},"end":{"line":120,"column":19}},"loc":{"start":{"line":120,"column":31},"end":{"line":136,"column":5}},"line":120},"14":{"name":"(anonymous_14)","decl":{"start":{"line":138,"column":11},"end":{"line":138,"column":12}},"loc":{"start":{"line":138,"column":17},"end":{"line":140,"column":5}},"line":138}},"branchMap":{"0":{"loc":{"start":{"line":4,"column":46},"end":{"line":4,"column":58}},"type":"default-arg","locations":[{"start":{"line":4,"column":55},"end":{"line":4,"column":58}}],"line":4},"1":{"loc":{"start":{"line":9,"column":4},"end":{"line":9,"column":43}},"type":"if","locations":[{"start":{"line":9,"column":4},"end":{"line":9,"column":43}},{"start":{},"end":{}}],"line":9},"2":{"loc":{"start":{"line":9,"column":8},"end":{"line":9,"column":34}},"type":"binary-expr","locations":[{"start":{"line":9,"column":8},"end":{"line":9,"column":13}},{"start":{"line":9,"column":17},"end":{"line":9,"column":34}}],"line":9},"3":{"loc":{"start":{"line":143,"column":2},"end":{"line":149,"column":3}},"type":"if","locations":[{"start":{"line":143,"column":2},"end":{"line":149,"column":3}},{"start":{},"end":{}}],"line":143},"4":{"loc":{"start":{"line":143,"column":6},"end":{"line":143,"column":32}},"type":"binary-expr","locations":[{"start":{"line":143,"column":6},"end":{"line":143,"column":11}},{"start":{"line":143,"column":15},"end":{"line":143,"column":32}}],"line":143}},"s":{"0":0,"1":0,"2":0,"3":0,"4":0,"5":0,"6":0,"7":0,"8":0,"9":0,"10":0,"11":0,"12":0,"13":0,"14":0,"15":0,"16":0,"17":0,"18":0,"19":0,"20":0,"21":0,"22":0,"23":0,"24":0,"25":0,"26":0,"27":0,"28":0,"29":0,"30":0,"31":0,"32":0,"33":0,"34":0,"35":0,"36":0,"37":0,"38":0,"39":0,"40":0,"41":0,"42":0,"43":0,"44":0,"45":0},"f":{"0":0,"1":0,"2":0,"3":0,"4":0,"5":0,"6":0,"7":0,"8":0,"9":0,"10":0,"11":0,"12":0,"13":0,"14":0},"b":{"0":[0],"1":[0,0],"2":[0,0],"3":[0,0],"4":[0,0]}}
,"/app/src/contexts/LanguageContext.js": {"path":"/app/src/contexts/LanguageContext.js","statementMap":{"0":{"start":{"line":3,"column":21},"end":{"line":204,"column":1}},"1":{"start":{"line":206,"column":24},"end":{"line":206,"column":39}},"2":{"start":{"line":209,"column":34},"end":{"line":213,"column":4}},"3":{"start":{"line":211,"column":18},"end":{"line":211,"column":60}},"4":{"start":{"line":212,"column":4},"end":{"line":212,"column":25}},"5":{"start":{"line":215,"column":2},"end":{"line":217,"column":17}},"6":{"start":{"line":216,"column":4},"end":{"line":216,"column":57}},"7":{"start":{"line":219,"column":12},"end":{"line":228,"column":3}},"8":{"start":{"line":221,"column":4},"end":{"line":223,"column":5}},"9":{"start":{"line":222,"column":6},"end":{"line":222,"column":41}},"10":{"start":{"line":224,"column":4},"end":{"line":226,"column":5}},"11":{"start":{"line":225,"column":6},"end":{"line":225,"column":34}},"12":{"start":{"line":227,"column":4},"end":{"line":227,"column":15}},"13":{"start":{"line":230,"column":25},"end":{"line":232,"column":3}},"14":{"start":{"line":231,"column":4},"end":{"line":231,"column":53}},"15":{"start":{"line":231,"column":24},"end":{"line":231,"column":51}},"16":{"start":{"line":234,"column":2},"end":{"line":238,"column":4}},"17":{"start":{"line":242,"column":18},"end":{"line":242,"column":45}},"18":{"start":{"line":243,"column":2},"end":{"line":245,"column":3}},"19":{"start":{"line":244,"column":4},"end":{"line":244,"column":74}},"20":{"start":{"line":246,"column":2},"end":{"line":246,"column":17}}},"fnMap":{"0":{"name":"LanguageProvider","decl":{"start":{"line":208,"column":16},"end":{"line":208,"column":32}},"loc":{"start":{"line":208,"column":47},"end":{"line":239,"column":1}},"line":208},"1":{"name":"(anonymous_1)","decl":{"start":{"line":209,"column":43},"end":{"line":209,"column":44}},"loc":{"start":{"line":209,"column":49},"end":{"line":213,"column":3}},"line":209},"2":{"name":"(anonymous_2)","decl":{"start":{"line":215,"column":12},"end":{"line":215,"column":13}},"loc":{"start":{"line":215,"column":18},"end":{"line":217,"column":3}},"line":215},"3":{"name":"(anonymous_3)","decl":{"start":{"line":219,"column":12},"end":{"line":219,"column":13}},"loc":{"start":{"line":219,"column":21},"end":{"line":228,"column":3}},"line":219},"4":{"name":"(anonymous_4)","decl":{"start":{"line":230,"column":25},"end":{"line":230,"column":26}},"loc":{"start":{"line":230,"column":31},"end":{"line":232,"column":3}},"line":230},"5":{"name":"(anonymous_5)","decl":{"start":{"line":231,"column":16},"end":{"line":231,"column":17}},"loc":{"start":{"line":231,"column":24},"end":{"line":231,"column":51}},"line":231},"6":{"name":"useLanguage","decl":{"start":{"line":241,"column":16},"end":{"line":241,"column":27}},"loc":{"start":{"line":241,"column":30},"end":{"line":247,"column":1}},"line":241}},"branchMap":{"0":{"loc":{"start":{"line":212,"column":11},"end":{"line":212,"column":24}},"type":"binary-expr","locations":[{"start":{"line":212,"column":11},"end":{"line":212,"column":16}},{"start":{"line":212,"column":20},"end":{"line":212,"column":24}}],"line":212},"1":{"loc":{"start":{"line":221,"column":4},"end":{"line":223,"column":5}},"type":"if","locations":[{"start":{"line":221,"column":4},"end":{"line":223,"column":5}},{"start":{},"end":{}}],"line":221},"2":{"loc":{"start":{"line":224,"column":4},"end":{"line":226,"column":5}},"type":"if","locations":[{"start":{"line":224,"column":4},"end":{"line":226,"column":5}},{"start":{},"end":{}}],"line":224},"3":{"loc":{"start":{"line":231,"column":24},"end":{"line":231,"column":51}},"type":"cond-expr","locations":[{"start":{"line":231,"column":40},"end":{"line":231,"column":44}},{"start":{"line":231,"column":47},"end":{"line":231,"column":51}}],"line":231},"4":{"loc":{"start":{"line":243,"column":2},"end":{"line":245,"column":3}},"type":"if","locations":[{"start":{"line":243,"column":2},"end":{"line":245,"column":3}},{"start":{},"end":{}}],"line":243}},"s":{"0":0,"1":0,"2":0,"3":0,"4":0,"5":0,"6":0,"7":0,"8":0,"9":0,"10":0,"11":0,"12":0,"13":0,"14":0,"15":0,"16":0,"17":0,"18":0,"19":0,"20":0},"f":{"0":0,"1":0,"2":0,"3":0,"4":0,"5":0,"6":0},"b":{"0":[0,0],"1":[0,0],"2":[0,0],"3":[0,0],"4":[0,0]}}
,"/app/src/utils/api.js": {"path":"/app/src/utils/api.js","statementMap":{"0":{"start":{"line":4,"column":21},"end":{"line":4,"column":81}},"1":{"start":{"line":6,"column":12},"end":{"line":9,"column":2}},"2":{"start":{"line":12,"column":0},"end":{"line":27,"column":2}},"3":{"start":{"line":15,"column":4},"end":{"line":21,"column":5}},"4":{"start":{"line":16,"column":6},"end":{"line":20,"column":7}},"5":{"start":{"line":17,"column":8},"end":{"line":17,"column":50}},"6":{"start":{"line":22,"column":4},"end":{"line":22,"column":20}},"7":{"start":{"line":25,"column":4},"end":{"line":25,"column":33}},"8":{"start":{"line":30,"column":27},"end":{"line":33,"column":1}},"9":{"start":{"line":31,"column":19},"end":{"line":31,"column":43}},"10":{"start":{"line":32,"column":2},"end":{"line":32,"column":23}},"11":{"start":{"line":36,"column":26},"end":{"line":52,"column":1}},"12":{"start":{"line":37,"column":19},"end":{"line":37,"column":33}},"13":{"start":{"line":38,"column":2},"end":{"line":38,"column":32}},"14":{"start":{"line":40,"column":19},"end":{"line":50,"column":4}},"15":{"start":{"line":45,"column":6},"end":{"line":48,"column":7}},"16":{"start":{"line":46,"column":33},"end":{"line":46,"column":95}},"17":{"start":{"line":47,"column":8},"end":{"line":47,"column":37}},"18":{"start":{"line":51,"column":2},"end":{"line":51,"column":23}},"19":{"start":{"line":54,"column":31},"end":{"line":57,"column":1}},"20":{"start":{"line":55,"column":19},"end":{"line":55,"column":50}},"21":{"start":{"line":56,"column":2},"end":{"line":56,"column":23}},"22":{"start":{"line":59,"column":26},"end":{"line":62,"column":1}},"23":{"start":{"line":60,"column":19},"end":{"line":60,"column":58}},"24":{"start":{"line":61,"column":2},"end":{"line":61,"column":23}},"25":{"start":{"line":64,"column":29},"end":{"line":67,"column":1}},"26":{"start":{"line":65,"column":19},"end":{"line":65,"column":52}},"27":{"start":{"line":66,"column":2},"end":{"line":66,"column":23}},"28":{"start":{"line":70,"column":29},"end":{"line":73,"column":1}},"29":{"start":{"line":71,"column":19},"end":{"line":71,"column":71}},"30":{"start":{"line":72,"column":2},"end":{"line":72,"column":23}},"31":{"start":{"line":75,"column":35},"end":{"line":78,"column":1}},"32":{"start":{"line":76,"column":19},"end":{"line":76,"column":51}},"33":{"start":{"line":77,"column":2},"end":{"line":77,"column":23}},"34":{"start":{"line":81,"column":29},"end":{"line":84,"column":1}},"35":{"start":{"line":82,"column":19},"end":{"line":82,"column":44}},"36":{"start":{"line":83,"column":2},"end":{"line":83,"column":23}},"37":{"start":{"line":86,"column":35},"end":{"line":89,"column":1}},"38":{"start":{"line":87,"column":19},"end":{"line":87,"column":54}},"39":{"start":{"line":88,"column":2},"end":{"line":88,"column":23}},"40":{"start":{"line":91,"column":33},"end":{"line":94,"column":1}},"41":{"start":{"line":92,"column":19},"end":{"line":92,"column":52}},"42":{"start":{"line":93,"column":2},"end":{"line":93,"column":23}},"43":{"start":{"line":96,"column":26},"end":{"line":99,"column":1}},"44":{"start":{"line":97,"column":19},"end":{"line":97,"column":52}},"45":{"start":{"line":98,"column":2},"end":{"line":98,"column":23}},"46":{"start":{"line":102,"column":33},"end":{"line":104,"column":1}},"47":{"start":{"line":103,"column":2},"end":{"line":103,"column":62}},"48":{"start":{"line":106,"column":31},"end":{"line":108,"column":1}},"49":{"start":{"line":107,"column":2},"end":{"line":107,"column":60}},"50":{"start":{"line":110,"column":27},"end":{"line":112,"column":1}},"51":{"start":{"line":111,"column":2},"end":{"line":111,"column":56}}},"fnMap":{"0":{"name":"(anonymous_0)","decl":{"start":{"line":13,"column":2},"end":{"line":13,"column":3}},"loc":{"start":{"line":13,"column":16},"end":{"line":23,"column":3}},"line":13},"1":{"name":"(anonymous_1)","decl":{"start":{"line":24,"column":2},"end":{"line":24,"column":3}},"loc":{"start":{"line":24,"column":13},"end":{"line":26,"column":3}},"line":24},"2":{"name":"(anonymous_2)","decl":{"start":{"line":30,"column":27},"end":{"line":30,"column":28}},"loc":{"start":{"line":30,"column":39},"end":{"line":33,"column":1}},"line":30},"3":{"name":"(anonymous_3)","decl":{"start":{"line":36,"column":26},"end":{"line":36,"column":27}},"loc":{"start":{"line":36,"column":64},"end":{"line":52,"column":1}},"line":36},"4":{"name":"(anonymous_4)","decl":{"start":{"line":44,"column":22},"end":{"line":44,"column":23}},"loc":{"start":{"line":44,"column":41},"end":{"line":49,"column":5}},"line":44},"5":{"name":"(anonymous_5)","decl":{"start":{"line":54,"column":31},"end":{"line":54,"column":32}},"loc":{"start":{"line":54,"column":43},"end":{"line":57,"column":1}},"line":54},"6":{"name":"(anonymous_6)","decl":{"start":{"line":59,"column":26},"end":{"line":59,"column":27}},"loc":{"start":{"line":59,"column":46},"end":{"line":62,"column":1}},"line":59},"7":{"name":"(anonymous_7)","decl":{"start":{"line":64,"column":29},"end":{"line":64,"column":30}},"loc":{"start":{"line":64,"column":41},"end":{"line":67,"column":1}},"line":64},"8":{"name":"(anonymous_8)","decl":{"start":{"line":70,"column":29},"end":{"line":70,"column":30}},"loc":{"start":{"line":70,"column":54},"end":{"line":73,"column":1}},"line":70},"9":{"name":"(anonymous_9)","decl":{"start":{"line":75,"column":35},"end":{"line":75,"column":36}},"loc":{"start":{"line":75,"column":47},"end":{"line":78,"column":1}},"line":75},"10":{"name":"(anonymous_10)","decl":{"start":{"line":81,"column":29},"end":{"line":81,"column":30}},"loc":{"start":{"line":81,"column":41},"end":{"line":84,"column":1}},"line":81},"11":{"name":"(anonymous_11)","decl":{"start":{"line":86,"column":35},"end":{"line":86,"column":36}},"loc":{"start":{"line":86,"column":47},"end":{"line":89,"column":1}},"line":86},"12":{"name":"(anonymous_12)","decl":{"start":{"line":91,"column":33},"end":{"line":91,"column":34}},"loc":{"start":{"line":91,"column":45},"end":{"line":94,"column":1}},"line":91},"13":{"name":"(anonymous_13)","decl":{"start":{"line":96,"column":26},"end":{"line":96,"column":27}},"loc":{"start":{"line":96,"column":38},"end":{"line":99,"column":1}},"line":96},"14":{"name":"(anonymous_14)","decl":{"start":{"line":102,"column":33},"end":{"line":102,"column":34}},"loc":{"start":{"line":102,"column":39},"end":{"line":104,"column":1}},"line":102},"15":{"name":"(anonymous_15)","decl":{"start":{"line":106,"column":31},"end":{"line":106,"column":32}},"loc":{"start":{"line":106,"column":37},"end":{"line":108,"column":1}},"line":106},"16":{"name":"(anonymous_16)","decl":{"start":{"line":110,"column":27},"end":{"line":110,"column":28}},"loc":{"start":{"line":110,"column":33},"end":{"line":112,"column":1}},"line":110}},"branchMap":{"0":{"loc":{"start":{"line":4,"column":21},"end":{"line":4,"column":81}},"type":"binary-expr","locations":[{"start":{"line":4,"column":21},"end":{"line":4,"column":50}},{"start":{"line":4,"column":54},"end":{"line":4,"column":81}}],"line":4},"1":{"loc":{"start":{"line":15,"column":4},"end":{"line":21,"column":5}},"type":"if","locations":[{"start":{"line":15,"column":4},"end":{"line":21,"column":5}},{"start":{},"end":{}}],"line":15},"2":{"loc":{"start":{"line":45,"column":6},"end":{"line":48,"column":7}},"type":"if","locations":[{"start":{"line":45,"column":6},"end":{"line":48,"column":7}},{"start":{},"end":{}}],"line":45},"3":{"loc":{"start":{"line":70,"column":36},"end":{"line":70,"column":49}},"type":"default-arg","locations":[{"start":{"line":70,"column":45},"end":{"line":70,"column":49}}],"line":70},"4":{"loc":{"start":{"line":71,"column":46},"end":{"line":71,"column":70}},"type":"cond-expr","locations":[{"start":{"line":71,"column":55},"end":{"line":71,"column":65}},{"start":{"line":71,"column":68},"end":{"line":71,"column":70}}],"line":71}},"s":{"0":0,"1":0,"2":0,"3":0,"4":0,"5":0,"6":0,"7":0,"8":0,"9":0,"10":0,"11":0,"12":0,"13":0,"14":0,"15":0,"16":0,"17":0,"18":0,"19":0,"20":0,"21":0,"22":0,"23":0,"24":0,"25":0,"26":0,"27":0,"28":0,"29":0,"30":0,"31":0,"32":0,"33":0,"34":0,"35":0,"36":0,"37":0,"38":0,"39":0,"40":0,"41":0,"42":0,"43":0,"44":0,"45":0,"46":0,"47":0,"48":0,"49":0,"50":0,"51":0},"f":{"0":0,"1":0,"2":0,"3":0,"4":0,"5":0,"6":0,"7":0,"8":0,"9":0,"10":0,"11":0,"12":0,"13":0,"14":0,"15":0,"16":0},"b":{"0":[0,0],"1":[0,0],"2":[0,0],"3":[0],"4":[0,0]}}
}
