TN:
SF:src/App.js
FN:10,App
FN:25,(anonymous_1)
FN:28,(anonymous_2)
FN:29,(anonymous_3)
FN:66,(anonymous_4)
FN:70,(anonymous_5)
FN:71,(anonymous_6)
FN:86,(anonymous_7)
FN:87,(anonymous_8)
FN:96,(anonymous_9)
FN:108,(anonymous_10)
FN:114,(anonymous_11)
FNF:12
FNH:0
FNDA:0,App
FNDA:0,(anonymous_1)
FNDA:0,(anonymous_2)
FNDA:0,(anonymous_3)
FNDA:0,(anonymous_4)
FNDA:0,(anonymous_5)
FNDA:0,(anonymous_6)
FNDA:0,(anonymous_7)
FNDA:0,(anonymous_8)
FNDA:0,(anonymous_9)
FNDA:0,(anonymous_10)
FNDA:0,(anonymous_11)
DA:11,0
DA:12,0
DA:13,0
DA:19,0
DA:20,0
DA:21,0
DA:22,0
DA:25,0
DA:26,0
DA:27,0
DA:28,0
DA:29,0
DA:32,0
DA:33,0
DA:36,0
DA:37,0
DA:38,0
DA:39,0
DA:41,0
DA:42,0
DA:46,0
DA:52,0
DA:55,0
DA:56,0
DA:57,0
DA:58,0
DA:62,0
DA:66,0
DA:67,0
DA:70,0
DA:71,0
DA:72,0
DA:77,0
DA:78,0
DA:79,0
DA:81,0
DA:82,0
DA:83,0
DA:86,0
DA:87,0
DA:92,0
DA:93,0
DA:96,0
DA:97,0
DA:103,0
DA:104,0
DA:105,0
DA:108,0
DA:109,0
DA:110,0
DA:111,0
DA:114,0
DA:115,0
DA:116,0
DA:119,0
DA:125,0
LF:56
LH:0
BRDA:37,0,0,0
BRDA:37,0,1,0
BRDA:47,1,0,0
BRDA:47,1,1,0
BRDA:48,2,0,0
BRDA:48,2,1,0
BRDA:49,3,0,0
BRDA:49,3,1,0
BRDA:50,4,0,0
BRDA:50,4,1,0
BRDA:52,5,0,0
BRDA:52,5,1,0
BRDA:55,6,0,0
BRDA:55,6,1,0
BRDA:57,7,0,0
BRDA:57,7,1,0
BRDA:77,8,0,0
BRDA:77,8,1,0
BRDA:90,9,0,0
BRDA:90,9,1,0
BRDA:90,10,0,0
BRDA:90,10,1,0
BRDA:137,11,0,0
BRDA:137,11,1,0
BRDA:153,12,0,0
BRDA:153,12,1,0
BRDA:153,12,2,0
BRDA:157,13,0,0
BRDA:157,13,1,0
BRDA:157,13,2,0
BRF:30
BRH:0
end_of_record
TN:
SF:src/index.js
FNF:0
FNH:0
DA:7,0
DA:8,0
LF:2
LH:0
BRF:0
BRH:0
end_of_record
TN:
SF:src/components/ErrorDisplay.js
FN:3,ErrorDisplay
FN:13,(anonymous_1)
FNF:2
FNH:0
FNDA:0,ErrorDisplay
FNDA:0,(anonymous_1)
DA:4,0
DA:6,0
DA:14,0
LF:3
LH:0
BRDA:4,0,0,0
BRDA:4,0,1,0
BRDA:4,1,0,0
BRDA:4,1,1,0
BRF:4
BRH:0
end_of_record
TN:
SF:src/components/FileDropzone.js
FN:11,FileDropzone
FN:17,(anonymous_1)
FN:26,(anonymous_2)
FN:32,(anonymous_3)
FN:52,(anonymous_4)
FNF:5
FNH:0
FNDA:0,FileDropzone
FNDA:0,(anonymous_1)
FNDA:0,(anonymous_2)
FNDA:0,(anonymous_3)
FNDA:0,(anonymous_4)
DA:12,0
DA:13,0
DA:14,0
DA:15,0
DA:17,0
DA:18,0
DA:20,0
DA:21,0
DA:22,0
DA:23,0
DA:25,0
DA:26,0
DA:27,0
DA:31,0
DA:32,0
DA:34,0
DA:35,0
DA:37,0
DA:38,0
DA:42,0
DA:52,0
DA:53,0
DA:54,0
DA:55,0
DA:58,0
LF:25
LH:0
BRDA:18,0,0,0
BRDA:18,0,1,0
BRDA:35,1,0,0
BRDA:35,1,1,0
BRDA:49,2,0,0
BRDA:49,2,1,0
BRDA:63,3,0,0
BRDA:63,3,1,0
BRDA:65,4,0,0
BRDA:65,4,1,0
BRDA:76,5,0,0
BRDA:76,5,1,0
BRDA:85,6,0,0
BRDA:85,6,1,0
BRDA:95,7,0,0
BRDA:95,7,1,0
BRDA:99,8,0,0
BRDA:99,8,1,0
BRDA:104,9,0,0
BRDA:104,9,1,0
BRDA:118,10,0,0
BRDA:118,10,1,0
BRDA:126,11,0,0
BRDA:126,11,1,0
BRF:24
BRH:0
end_of_record
TN:
SF:src/components/Header.js
FN:5,Header
FNF:1
FNH:0
FNDA:0,Header
DA:6,0
DA:8,0
LF:2
LH:0
BRDA:20,0,0,0
BRDA:20,0,1,0
BRDA:29,1,0,0
BRDA:29,1,1,0
BRDA:30,2,0,0
BRDA:30,2,1,0
BRF:6
BRH:0
end_of_record
TN:
SF:src/components/OccupancyTab.js
FN:8,OccupancyTab
FN:16,(anonymous_1)
FN:18,(anonymous_2)
FN:25,(anonymous_3)
FN:28,(anonymous_4)
FN:31,(anonymous_5)
FN:36,(anonymous_6)
FN:38,(anonymous_7)
FN:50,(anonymous_8)
FN:55,(anonymous_9)
FNF:10
FNH:0
FNDA:0,OccupancyTab
FNDA:0,(anonymous_1)
FNDA:0,(anonymous_2)
FNDA:0,(anonymous_3)
FNDA:0,(anonymous_4)
FNDA:0,(anonymous_5)
FNDA:0,(anonymous_6)
FNDA:0,(anonymous_7)
FNDA:0,(anonymous_8)
FNDA:0,(anonymous_9)
DA:9,0
DA:10,0
DA:11,0
DA:12,0
DA:13,0
DA:16,0
DA:17,0
DA:18,0
DA:19,0
DA:25,0
DA:28,0
DA:29,0
DA:30,0
DA:31,0
DA:35,0
DA:36,0
DA:37,0
DA:38,0
DA:39,0
DA:40,0
DA:41,0
DA:43,0
DA:44,0
DA:45,0
DA:50,0
DA:55,0
DA:58,0
DA:60,0
LF:28
LH:0
BRDA:11,0,0,0
BRDA:11,0,1,0
BRDA:12,1,0,0
BRDA:12,1,1,0
BRDA:17,2,0,0
BRDA:17,2,1,0
BRDA:21,3,0,0
BRDA:21,3,1,0
BRDA:22,4,0,0
BRDA:22,4,1,0
BRDA:23,5,0,0
BRDA:23,5,1,0
BRDA:29,6,0,0
BRDA:29,6,1,0
BRDA:30,7,0,0
BRDA:30,7,1,0
BRDA:31,8,0,0
BRDA:31,8,1,0
BRDA:31,8,2,0
BRDA:37,9,0,0
BRDA:37,9,1,0
BRDA:39,10,0,0
BRDA:39,10,1,0
BRDA:39,11,0,0
BRDA:39,11,1,0
BRDA:39,11,2,0
BRDA:40,12,0,0
BRDA:40,12,1,0
BRDA:43,13,0,0
BRDA:43,13,1,0
BRDA:44,14,0,0
BRDA:44,14,1,0
BRDA:45,15,0,0
BRDA:45,15,1,0
BRDA:68,16,0,0
BRDA:68,16,1,0
BRDA:77,17,0,0
BRDA:77,17,1,0
BRDA:86,18,0,0
BRDA:86,18,1,0
BRDA:119,19,0,0
BRDA:119,19,1,0
BRDA:146,20,0,0
BRDA:146,20,1,0
BRF:44
BRH:0
end_of_record
TN:
SF:src/components/ProcessingSection.js
FN:4,ProcessingSection
FNF:1
FNH:0
FNDA:0,ProcessingSection
DA:5,0
DA:7,0
LF:2
LH:0
BRDA:15,0,0,0
BRDA:15,0,1,0
BRDA:20,1,0,0
BRDA:20,1,1,0
BRDA:20,1,2,0
BRDA:25,2,0,0
BRDA:25,2,1,0
BRDA:31,3,0,0
BRDA:31,3,1,0
BRDA:41,4,0,0
BRDA:41,4,1,0
BRDA:44,5,0,0
BRDA:44,5,1,0
BRDA:44,6,0,0
BRDA:44,6,1,0
BRDA:50,7,0,0
BRDA:50,7,1,0
BRF:17
BRH:0
end_of_record
TN:
SF:src/components/ResultsSummary.js
FN:5,ResultsSummary
FNF:1
FNH:0
FNDA:0,ResultsSummary
DA:6,0
DA:7,0
DA:8,0
DA:10,0
LF:4
LH:0
BRDA:7,0,0,0
BRDA:7,0,1,0
BRDA:8,1,0,0
BRDA:8,1,1,0
BRDA:44,2,0,0
BRDA:44,2,1,0
BRDA:48,3,0,0
BRDA:48,3,1,0
BRDA:52,4,0,0
BRDA:52,4,1,0
BRDA:64,5,0,0
BRDA:64,5,1,0
BRDA:70,6,0,0
BRDA:70,6,1,0
BRDA:78,7,0,0
BRDA:78,7,1,0
BRDA:84,8,0,0
BRDA:84,8,1,0
BRF:18
BRH:0
end_of_record
TN:
SF:src/components/RevenueTab.js
FN:9,RevenueTab
FN:22,(anonymous_1)
FN:32,(anonymous_2)
FN:42,(anonymous_3)
FN:106,(anonymous_4)
FN:160,(anonymous_5)
FNF:6
FNH:0
FNDA:0,RevenueTab
FNDA:0,(anonymous_1)
FNDA:0,(anonymous_2)
FNDA:0,(anonymous_3)
FNDA:0,(anonymous_4)
FNDA:0,(anonymous_5)
DA:10,0
DA:11,0
DA:13,0
DA:14,0
DA:15,0
DA:16,0
DA:17,0
DA:19,0
DA:22,0
DA:32,0
DA:33,0
DA:34,0
DA:35,0
DA:37,0
DA:38,0
DA:39,0
DA:42,0
DA:48,0
DA:106,0
DA:160,0
LF:20
LH:0
BRDA:13,0,0,0
BRDA:13,0,1,0
BRDA:14,1,0,0
BRDA:14,1,1,0
BRDA:16,2,0,0
BRDA:16,2,1,0
BRDA:17,3,0,0
BRDA:17,3,1,0
BRDA:33,4,0,0
BRDA:33,4,1,0
BRDA:33,5,0,0
BRDA:33,5,1,0
BRDA:34,6,0,0
BRDA:34,6,1,0
BRDA:37,7,0,0
BRDA:37,7,1,0
BRDA:57,8,0,0
BRDA:57,8,1,0
BRDA:68,9,0,0
BRDA:68,9,1,0
BRDA:79,10,0,0
BRDA:79,10,1,0
BRDA:90,11,0,0
BRDA:90,11,1,0
BRDA:99,12,0,0
BRDA:99,12,1,0
BRDA:108,13,0,0
BRDA:108,13,1,0
BRDA:113,14,0,0
BRDA:113,14,1,0
BRDA:119,15,0,0
BRDA:119,15,1,0
BRDA:119,15,2,0
BRDA:125,16,0,0
BRDA:125,16,1,0
BRDA:131,17,0,0
BRDA:131,17,1,0
BRDA:137,18,0,0
BRDA:137,18,1,0
BRDA:142,19,0,0
BRDA:142,19,1,0
BRDA:169,20,0,0
BRDA:169,20,1,0
BRDA:170,21,0,0
BRDA:170,21,1,0
BRDA:171,22,0,0
BRDA:171,22,1,0
BRF:47
BRH:0
end_of_record
TN:
SF:src/components/TabNavigation.js
FN:4,TabNavigation
FN:10,(anonymous_1)
FN:13,(anonymous_2)
FNF:3
FNH:0
FNDA:0,TabNavigation
FNDA:0,(anonymous_1)
FNDA:0,(anonymous_2)
DA:5,0
DA:7,0
DA:11,0
DA:13,0
LF:4
LH:0
BRDA:13,0,0,0
BRDA:13,0,1,0
BRDA:17,1,0,0
BRDA:17,1,1,0
BRDA:19,2,0,0
BRDA:19,2,1,0
BRDA:27,3,0,0
BRDA:27,3,1,0
BRF:8
BRH:0
end_of_record
TN:
SF:src/components/UploadTab.js
FN:9,UploadTab
FN:24,(anonymous_1)
FN:68,(anonymous_2)
FN:77,(anonymous_3)
FN:86,(anonymous_4)
FNF:5
FNH:0
FNDA:0,UploadTab
FNDA:0,(anonymous_1)
FNDA:0,(anonymous_2)
FNDA:0,(anonymous_3)
FNDA:0,(anonymous_4)
DA:22,0
DA:24,0
DA:25,0
DA:27,0
DA:28,0
DA:29,0
DA:30,0
DA:33,0
DA:36,0
DA:37,0
DA:38,0
DA:39,0
DA:41,0
DA:42,0
DA:47,0
DA:48,0
DA:49,0
DA:54,0
DA:55,0
DA:56,0
DA:57,0
DA:59,0
DA:60,0
DA:63,0
DA:64,0
DA:68,0
DA:69,0
DA:70,0
DA:71,0
DA:73,0
DA:77,0
DA:78,0
DA:79,0
DA:80,0
DA:82,0
DA:86,0
DA:87,0
DA:88,0
DA:89,0
DA:90,0
DA:92,0
DA:93,0
DA:94,0
DA:95,0
DA:98,0
DA:101,0
DA:103,0
DA:107,0
DA:108,0
DA:110,0
LF:50
LH:0
BRDA:47,0,0,0
BRDA:47,0,1,0
BRDA:47,1,0,0
BRDA:47,1,1,0
BRDA:47,1,2,0
BRDA:47,1,3,0
BRDA:51,2,0,0
BRDA:51,2,1,0
BRDA:52,3,0,0
BRDA:52,3,1,0
BRDA:55,4,0,0
BRDA:55,4,1,0
BRDA:55,5,0,0
BRDA:55,5,1,0
BRDA:55,5,2,0
BRDA:90,6,0,0
BRDA:90,6,1,0
BRDA:94,7,0,0
BRDA:94,7,1,0
BRDA:98,8,0,0
BRDA:98,8,1,0
BRDA:101,9,0,0
BRDA:101,9,1,0
BRDA:101,9,2,0
BRDA:107,10,0,0
BRDA:107,10,1,0
BRDA:107,10,2,0
BRDA:108,11,0,0
BRDA:108,11,1,0
BRDA:113,12,0,0
BRDA:113,12,1,0
BRDA:114,13,0,0
BRDA:114,13,1,0
BRDA:123,14,0,0
BRDA:123,14,1,0
BRDA:178,15,0,0
BRDA:178,15,1,0
BRF:37
BRH:0
end_of_record
TN:
SF:src/components/charts/BarChart.js
FN:4,BarChart
FN:8,(anonymous_1)
FN:28,(anonymous_2)
FN:33,(anonymous_3)
FN:47,(anonymous_4)
FN:58,(anonymous_5)
FN:78,(anonymous_6)
FN:86,(anonymous_7)
FN:87,(anonymous_8)
FN:104,(anonymous_9)
FN:110,(anonymous_10)
FN:115,(anonymous_11)
FN:120,(anonymous_12)
FNF:13
FNH:0
FNDA:0,BarChart
FNDA:0,(anonymous_1)
FNDA:0,(anonymous_2)
FNDA:0,(anonymous_3)
FNDA:0,(anonymous_4)
FNDA:0,(anonymous_5)
FNDA:0,(anonymous_6)
FNDA:0,(anonymous_7)
FNDA:0,(anonymous_8)
FNDA:0,(anonymous_9)
FNDA:0,(anonymous_10)
FNDA:0,(anonymous_11)
FNDA:0,(anonymous_12)
DA:5,0
DA:6,0
DA:8,0
DA:9,0
DA:11,0
DA:12,0
DA:14,0
DA:15,0
DA:16,0
DA:17,0
DA:18,0
DA:20,0
DA:27,0
DA:28,0
DA:32,0
DA:33,0
DA:38,0
DA:48,0
DA:49,0
DA:51,0
DA:52,0
DA:57,0
DA:58,0
DA:63,0
DA:70,0
DA:73,0
DA:78,0
DA:86,0
DA:87,0
DA:90,0
DA:103,0
DA:105,0
DA:106,0
DA:111,0
DA:116,0
DA:117,0
DA:120,0
DA:121,0
DA:125,0
DA:126,0
DA:133,0
LF:41
LH:0
BRDA:4,0,0,0
BRDA:4,1,0,0
BRDA:9,2,0,0
BRDA:9,2,1,0
BRDA:9,3,0,0
BRDA:9,3,1,0
BRDA:51,4,0,0
BRDA:51,4,1,0
BRDA:58,5,0,0
BRDA:58,5,1,0
BRDA:108,6,0,0
BRDA:108,6,1,0
BRDA:125,7,0,0
BRDA:125,7,1,0
BRDA:125,8,0,0
BRDA:125,8,1,0
BRF:16
BRH:0
end_of_record
TN:
SF:src/components/charts/DataTable.js
FN:3,DataTable
FN:12,(anonymous_1)
FN:34,(anonymous_2)
FN:45,(anonymous_3)
FN:50,(anonymous_4)
FNF:5
FNH:0
FNDA:0,DataTable
FNDA:0,(anonymous_1)
FNDA:0,(anonymous_2)
FNDA:0,(anonymous_3)
FNDA:0,(anonymous_4)
DA:4,0
DA:5,0
DA:12,0
DA:13,0
DA:15,0
DA:17,0
DA:19,0
DA:23,0
DA:25,0
DA:29,0
DA:35,0
DA:46,0
DA:51,0
LF:13
LH:0
BRDA:4,0,0,0
BRDA:4,0,1,0
BRDA:4,1,0,0
BRDA:4,1,1,0
BRDA:13,2,0,0
BRDA:13,2,1,0
BRDA:13,3,0,0
BRDA:13,3,1,0
BRDA:13,3,2,0
BRDA:15,4,0,0
BRDA:15,4,1,0
BRDA:15,4,2,0
BRDA:15,4,3,0
BRDA:17,5,0,0
BRDA:17,5,1,0
BRDA:19,6,0,0
BRDA:19,6,1,0
BRDA:23,7,0,0
BRDA:23,7,1,0
BRDA:48,8,0,0
BRDA:48,8,1,0
BRDA:48,9,0,0
BRDA:48,9,1,0
BRDA:54,10,0,0
BRDA:54,10,1,0
BRDA:54,11,0,0
BRDA:54,11,1,0
BRDA:54,11,2,0
BRF:28
BRH:0
end_of_record
TN:
SF:src/components/charts/PieChart.js
FN:9,PieChart
FN:13,(anonymous_1)
FN:31,(anonymous_2)
FN:36,(anonymous_3)
FN:63,(anonymous_4)
FN:74,(anonymous_5)
FN:81,(anonymous_6)
FN:83,(anonymous_7)
FN:90,(anonymous_8)
FN:101,(anonymous_9)
FN:106,(anonymous_10)
FN:120,(anonymous_11)
FN:129,(anonymous_12)
FN:143,(anonymous_13)
FN:149,(anonymous_14)
FN:156,(anonymous_15)
FN:158,(anonymous_16)
FNF:17
FNH:0
FNDA:0,PieChart
FNDA:0,(anonymous_1)
FNDA:0,(anonymous_2)
FNDA:0,(anonymous_3)
FNDA:0,(anonymous_4)
FNDA:0,(anonymous_5)
FNDA:0,(anonymous_6)
FNDA:0,(anonymous_7)
FNDA:0,(anonymous_8)
FNDA:0,(anonymous_9)
FNDA:0,(anonymous_10)
FNDA:0,(anonymous_11)
FNDA:0,(anonymous_12)
FNDA:0,(anonymous_13)
FNDA:0,(anonymous_14)
FNDA:0,(anonymous_15)
FNDA:0,(anonymous_16)
DA:4,0
DA:10,0
DA:11,0
DA:13,0
DA:14,0
DA:16,0
DA:17,0
DA:19,0
DA:20,0
DA:21,0
DA:23,0
DA:30,0
DA:31,0
DA:35,0
DA:36,0
DA:40,0
DA:44,0
DA:49,0
DA:63,0
DA:66,0
DA:72,0
DA:74,0
DA:82,0
DA:83,0
DA:84,0
DA:89,0
DA:91,0
DA:96,0
DA:97,0
DA:102,0
DA:107,0
DA:111,0
DA:115,0
DA:119,0
DA:120,0
DA:130,0
DA:131,0
DA:135,0
DA:138,0
DA:143,0
DA:145,0
DA:149,0
DA:151,0
DA:156,0
DA:158,0
DA:159,0
DA:163,0
DA:164,0
DA:171,0
LF:49
LH:0
BRDA:9,0,0,0
BRDA:9,1,0,0
BRDA:14,2,0,0
BRDA:14,2,1,0
BRDA:14,3,0,0
BRDA:14,3,1,0
BRDA:131,4,0,0
BRDA:131,4,1,0
BRDA:156,5,0,0
BRDA:156,5,1,0
BRDA:163,6,0,0
BRDA:163,6,1,0
BRDA:163,7,0,0
BRDA:163,7,1,0
BRF:14
BRH:0
end_of_record
TN:
SF:src/components/charts/PropertySelector.js
FN:3,PropertySelector
FN:10,(anonymous_1)
FN:19,(anonymous_2)
FN:22,(anonymous_3)
FNF:4
FNH:0
FNDA:0,PropertySelector
FNDA:0,(anonymous_1)
FNDA:0,(anonymous_2)
FNDA:0,(anonymous_3)
DA:4,0
DA:10,0
DA:20,0
DA:22,0
LF:4
LH:0
BRDA:12,0,0,0
BRDA:12,0,1,0
BRDA:24,1,0,0
BRDA:24,1,1,0
BRDA:29,2,0,0
BRDA:29,2,1,0
BRF:6
BRH:0
end_of_record
TN:
SF:src/components/charts/TimeSeriesChart.js
FN:4,TimeSeriesChart
FN:8,(anonymous_1)
FN:28,(anonymous_2)
FN:32,(anonymous_3)
FN:32,(anonymous_4)
FN:51,(anonymous_5)
FN:82,(anonymous_6)
FN:88,(anonymous_7)
FN:94,(anonymous_8)
FN:100,(anonymous_9)
FN:105,(anonymous_10)
FN:112,(anonymous_11)
FN:113,(anonymous_12)
FN:120,(anonymous_13)
FN:138,(anonymous_14)
FNF:15
FNH:0
FNDA:0,TimeSeriesChart
FNDA:0,(anonymous_1)
FNDA:0,(anonymous_2)
FNDA:0,(anonymous_3)
FNDA:0,(anonymous_4)
FNDA:0,(anonymous_5)
FNDA:0,(anonymous_6)
FNDA:0,(anonymous_7)
FNDA:0,(anonymous_8)
FNDA:0,(anonymous_9)
FNDA:0,(anonymous_10)
FNDA:0,(anonymous_11)
FNDA:0,(anonymous_12)
FNDA:0,(anonymous_13)
FNDA:0,(anonymous_14)
DA:5,0
DA:6,0
DA:8,0
DA:9,0
DA:11,0
DA:12,0
DA:14,0
DA:15,0
DA:16,0
DA:17,0
DA:18,0
DA:20,0
DA:27,0
DA:28,0
DA:32,0
DA:33,0
DA:39,0
DA:50,0
DA:51,0
DA:56,0
DA:63,0
DA:66,0
DA:80,0
DA:82,0
DA:83,0
DA:88,0
DA:95,0
DA:96,0
DA:101,0
DA:106,0
DA:107,0
DA:112,0
DA:113,0
DA:117,0
DA:120,0
DA:121,0
DA:124,0
DA:130,0
DA:138,0
DA:139,0
DA:143,0
DA:144,0
DA:151,0
LF:43
LH:0
BRDA:4,0,0,0
BRDA:9,1,0,0
BRDA:9,1,1,0
BRDA:9,2,0,0
BRDA:9,2,1,0
BRDA:143,3,0,0
BRDA:143,3,1,0
BRDA:143,4,0,0
BRDA:143,4,1,0
BRF:9
BRH:0
end_of_record
TN:
SF:src/contexts/LanguageContext.js
FN:208,LanguageProvider
FN:209,(anonymous_1)
FN:215,(anonymous_2)
FN:219,(anonymous_3)
FN:230,(anonymous_4)
FN:231,(anonymous_5)
FN:241,useLanguage
FNF:7
FNH:0
FNDA:0,LanguageProvider
FNDA:0,(anonymous_1)
FNDA:0,(anonymous_2)
FNDA:0,(anonymous_3)
FNDA:0,(anonymous_4)
FNDA:0,(anonymous_5)
FNDA:0,useLanguage
DA:3,0
DA:206,0
DA:209,0
DA:211,0
DA:212,0
DA:215,0
DA:216,0
DA:219,0
DA:221,0
DA:222,0
DA:224,0
DA:225,0
DA:227,0
DA:230,0
DA:231,0
DA:234,0
DA:242,0
DA:243,0
DA:244,0
DA:246,0
LF:20
LH:0
BRDA:212,0,0,0
BRDA:212,0,1,0
BRDA:221,1,0,0
BRDA:221,1,1,0
BRDA:224,2,0,0
BRDA:224,2,1,0
BRDA:231,3,0,0
BRDA:231,3,1,0
BRDA:243,4,0,0
BRDA:243,4,1,0
BRF:10
BRH:0
end_of_record
TN:
SF:src/utils/api.js
FN:13,(anonymous_0)
FN:24,(anonymous_1)
FN:30,(anonymous_2)
FN:36,(anonymous_3)
FN:44,(anonymous_4)
FN:54,(anonymous_5)
FN:59,(anonymous_6)
FN:64,(anonymous_7)
FN:70,(anonymous_8)
FN:75,(anonymous_9)
FN:81,(anonymous_10)
FN:86,(anonymous_11)
FN:91,(anonymous_12)
FN:96,(anonymous_13)
FN:102,(anonymous_14)
FN:106,(anonymous_15)
FN:110,(anonymous_16)
FNF:17
FNH:0
FNDA:0,(anonymous_0)
FNDA:0,(anonymous_1)
FNDA:0,(anonymous_2)
FNDA:0,(anonymous_3)
FNDA:0,(anonymous_4)
FNDA:0,(anonymous_5)
FNDA:0,(anonymous_6)
FNDA:0,(anonymous_7)
FNDA:0,(anonymous_8)
FNDA:0,(anonymous_9)
FNDA:0,(anonymous_10)
FNDA:0,(anonymous_11)
FNDA:0,(anonymous_12)
FNDA:0,(anonymous_13)
FNDA:0,(anonymous_14)
FNDA:0,(anonymous_15)
FNDA:0,(anonymous_16)
DA:4,0
DA:6,0
DA:12,0
DA:15,0
DA:16,0
DA:17,0
DA:22,0
DA:25,0
DA:30,0
DA:31,0
DA:32,0
DA:36,0
DA:37,0
DA:38,0
DA:40,0
DA:45,0
DA:46,0
DA:47,0
DA:51,0
DA:54,0
DA:55,0
DA:56,0
DA:59,0
DA:60,0
DA:61,0
DA:64,0
DA:65,0
DA:66,0
DA:70,0
DA:71,0
DA:72,0
DA:75,0
DA:76,0
DA:77,0
DA:81,0
DA:82,0
DA:83,0
DA:86,0
DA:87,0
DA:88,0
DA:91,0
DA:92,0
DA:93,0
DA:96,0
DA:97,0
DA:98,0
DA:102,0
DA:103,0
DA:106,0
DA:107,0
DA:110,0
DA:111,0
LF:52
LH:0
BRDA:4,0,0,0
BRDA:4,0,1,0
BRDA:15,1,0,0
BRDA:15,1,1,0
BRDA:45,2,0,0
BRDA:45,2,1,0
BRDA:70,3,0,0
BRDA:71,4,0,0
BRDA:71,4,1,0
BRF:9
BRH:0
end_of_record
